2015-05-02 08:24:47 [ main:0 ] - [ INFO ] HCANN000001: Hibernate Commons Annotations {4.0.1.Final}
2015-05-02 08:24:47 [ main:10 ] - [ INFO ] HHH000412: Hibernate Core {4.1.7.Final}
2015-05-02 08:24:47 [ main:15 ] - [ INFO ] HHH000206: hibernate.properties not found
2015-05-02 08:24:47 [ main:19 ] - [ INFO ] HHH000021: Bytecode provider name : javassist
2015-05-02 08:24:47 [ main:55 ] - [ INFO ] HHH000043: Configuring from resource: /hibernate.cfg.xml
2015-05-02 08:24:47 [ main:56 ] - [ INFO ] HHH000040: Configuration resource: /hibernate.cfg.xml
2015-05-02 08:27:08 [ main:0 ] - [ INFO ] HCANN000001: Hibernate Commons Annotations {4.0.1.Final}
2015-05-02 08:27:08 [ main:12 ] - [ INFO ] HHH000412: Hibernate Core {4.1.7.Final}
2015-05-02 08:27:08 [ main:17 ] - [ INFO ] HHH000206: hibernate.properties not found
2015-05-02 08:27:08 [ main:19 ] - [ INFO ] HHH000021: Bytecode provider name : javassist
2015-05-02 08:27:08 [ main:55 ] - [ INFO ] HHH000043: Configuring from resource: /hibernate.cfg.xml
2015-05-02 08:27:08 [ main:55 ] - [ INFO ] HHH000040: Configuration resource: /hibernate.cfg.xml
2015-05-02 08:27:09 [ main:190 ] - [ INFO ] HHH000041: Configured SessionFactory: null
2015-05-02 08:27:09 [ main:608 ] - [ INFO ] HHH000402: Using Hibernate built-in connection pool (not for production use!)
2015-05-02 08:27:09 [ main:635 ] - [ INFO ] HHH000115: Hibernate connection pool size: 20
2015-05-02 08:27:09 [ main:636 ] - [ INFO ] HHH000006: Autocommit mode: false
2015-05-02 08:27:09 [ main:636 ] - [ INFO ] HHH000401: using driver [com.mysql.jdbc.Driver] at URL [jdbc:mysql://localhost:3306/phoenix_gui]
2015-05-02 08:27:09 [ main:637 ] - [ INFO ] HHH000046: Connection properties: {user=root, password=****}
2015-05-02 08:27:10 [ main:1202 ] - [ INFO ] HHH000400: Using dialect: org.hibernate.dialect.MySQLDialect
2015-05-02 08:27:10 [ main:1235 ] - [ INFO ] HHH000399: Using default transaction strategy (direct JDBC transactions)
2015-05-02 08:27:10 [ main:1243 ] - [ INFO ] HHH000397: Using ASTQueryTranslatorFactory
2015-05-02 08:27:10 [ main:1889 ] - [ INFO ] HHH000228: Running hbm2ddl schema update
2015-05-02 08:27:10 [ main:1891 ] - [ INFO ] HHH000102: Fetching database metadata
2015-05-02 08:27:10 [ main:1893 ] - [ INFO ] HHH000396: Updating schema
2015-05-02 08:27:10 [ main:1920 ] - [ INFO ] HHH000261: Table found: phoenix_gui.l_web_batch
2015-05-02 08:27:10 [ main:1921 ] - [ INFO ] HHH000037: Columns: [id, batchid]
2015-05-02 08:27:10 [ main:1921 ] - [ INFO ] HHH000108: Foreign keys: []
2015-05-02 08:27:10 [ main:1921 ] - [ INFO ] HHH000126: Indexes: [primary]
2015-05-02 08:27:10 [ main:1935 ] - [ INFO ] HHH000261: Table found: phoenix_gui.l_web_case
2015-05-02 08:27:10 [ main:1936 ] - [ INFO ] HHH000037: Columns: [actor, duration, clientip, caseid, endtime, id, starttime, enginetype, status, batchlogid]
2015-05-02 08:27:10 [ main:1936 ] - [ INFO ] HHH000108: Foreign keys: [fke98647aeda1e53ad, fke98647ae1b32d119]
2015-05-02 08:27:10 [ main:1936 ] - [ INFO ] HHH000126: Indexes: [fke98647aeda1e53ad, primary, fke98647ae1b32d119]
2015-05-02 08:27:10 [ main:1946 ] - [ INFO ] HHH000261: Table found: phoenix_gui.l_web_unit
2015-05-02 08:27:10 [ main:1946 ] - [ INFO ] HHH000037: Columns: [remark, id, screenshot, caselogid, content]
2015-05-02 08:27:10 [ main:1946 ] - [ INFO ] HHH000108: Foreign keys: [fke98ea602411c9d65]
2015-05-02 08:27:10 [ main:1947 ] - [ INFO ] HHH000126: Indexes: [fke98ea602411c9d65, primary]
2015-05-02 08:27:10 [ main:1973 ] - [ INFO ] HHH000261: Table found: phoenix_gui.t_task
2015-05-02 08:27:10 [ main:1974 ] - [ INFO ] HHH000037: Columns: [tasktype, slaveip, endtime, taskname, id, starttime, taskdata, userid, taskstatustype, taskparameter]
2015-05-02 08:27:10 [ main:1974 ] - [ INFO ] HHH000108: Foreign keys: [fkcb6316707240a919]
2015-05-02 08:27:10 [ main:1975 ] - [ INFO ] HHH000126: Indexes: [fkcb6316707240a919, primary]
2015-05-02 08:27:10 [ main:1989 ] - [ INFO ] HHH000261: Table found: phoenix_gui.t_web_case
2015-05-02 08:27:10 [ main:1989 ] - [ INFO ] HHH000037: Columns: [remark, id, casename, create_date, userid, scenarioid, codecontent, status]
2015-05-02 08:27:10 [ main:1990 ] - [ INFO ] HHH000108: Foreign keys: [fk8bd1d0a6140b62d9]
2015-05-02 08:27:10 [ main:1990 ] - [ INFO ] HHH000126: Indexes: [primary, fk8bd1d0a6140b62d9]
2015-05-02 08:27:10 [ main:2002 ] - [ INFO ] HHH000261: Table found: phoenix_gui.t_web_scenario
2015-05-02 08:27:10 [ main:2003 ] - [ INFO ] HHH000037: Columns: [remark, id, create_date, userid, scenarioname]
2015-05-02 08:27:10 [ main:2004 ] - [ INFO ] HHH000108: Foreign keys: []
2015-05-02 08:27:10 [ main:2005 ] - [ INFO ] HHH000126: Indexes: [primary]
2015-05-02 08:27:10 [ main:2013 ] - [ INFO ] HHH000261: Table found: phoenix_gui.t_web_unit
2015-05-02 08:27:10 [ main:2013 ] - [ INFO ] HHH000037: Columns: [locatortype, caseid, id, locatordataname, locatordata]
2015-05-02 08:27:10 [ main:2013 ] - [ INFO ] HHH000108: Foreign keys: [fk8bda2efa1b32d119]
2015-05-02 08:27:10 [ main:2014 ] - [ INFO ] HHH000126: Indexes: [fk8bda2efa1b32d119, primary]
2015-05-02 08:27:10 [ main:2015 ] - [ INFO ] HHH000232: Schema update complete
2015-05-03 10:46:41 [ main:0 ] - [ INFO ] HCANN000001: Hibernate Commons Annotations {4.0.1.Final}
2015-05-03 10:46:41 [ main:31 ] - [ INFO ] HHH000412: Hibernate Core {4.1.7.Final}
2015-05-03 10:46:41 [ main:47 ] - [ INFO ] HHH000206: hibernate.properties not found
2015-05-03 10:46:41 [ main:47 ] - [ INFO ] HHH000021: Bytecode provider name : javassist
2015-05-03 10:46:41 [ main:109 ] - [ INFO ] HHH000043: Configuring from resource: /hibernate.cfg.xml
2015-05-03 10:46:41 [ main:109 ] - [ INFO ] HHH000040: Configuration resource: /hibernate.cfg.xml
2015-05-03 10:46:42 [ main:359 ] - [ INFO ] HHH000041: Configured SessionFactory: null
2015-05-03 10:46:42 [ main:689 ] - [ INFO ] HHH000402: Using Hibernate built-in connection pool (not for production use!)
2015-05-03 10:46:42 [ main:705 ] - [ INFO ] HHH000115: Hibernate connection pool size: 20
2015-05-03 10:46:42 [ main:705 ] - [ INFO ] HHH000006: Autocommit mode: false
2015-05-03 10:46:42 [ main:705 ] - [ INFO ] HHH000401: using driver [com.mysql.jdbc.Driver] at URL [jdbc:mysql://localhost:3306/phoenix_gui]
2015-05-03 10:46:42 [ main:705 ] - [ INFO ] HHH000046: Connection properties: {user=root, password=****}
2015-05-03 10:46:42 [ main:1080 ] - [ INFO ] HHH000400: Using dialect: org.hibernate.dialect.MySQLDialect
2015-05-03 10:46:42 [ main:1096 ] - [ INFO ] HHH000399: Using default transaction strategy (direct JDBC transactions)
2015-05-03 10:46:42 [ main:1096 ] - [ INFO ] HHH000397: Using ASTQueryTranslatorFactory
2015-05-03 10:46:43 [ main:1424 ] - [ INFO ] HHH000228: Running hbm2ddl schema update
2015-05-03 10:46:43 [ main:1424 ] - [ INFO ] HHH000102: Fetching database metadata
2015-05-03 10:46:43 [ main:1424 ] - [ INFO ] HHH000396: Updating schema
2015-05-03 10:46:43 [ main:1441 ] - [ INFO ] HHH000261: Table found: phoenix_gui.l_web_batch
2015-05-03 10:46:43 [ main:1441 ] - [ INFO ] HHH000037: Columns: [id, batchid]
2015-05-03 10:46:43 [ main:1441 ] - [ INFO ] HHH000108: Foreign keys: []
2015-05-03 10:46:43 [ main:1441 ] - [ INFO ] HHH000126: Indexes: [primary]
2015-05-03 10:46:43 [ main:1456 ] - [ INFO ] HHH000261: Table found: phoenix_gui.l_web_case
2015-05-03 10:46:43 [ main:1456 ] - [ INFO ] HHH000037: Columns: [actor, duration, clientip, caseid, endtime, id, starttime, enginetype, status, batchlogid]
2015-05-03 10:46:43 [ main:1456 ] - [ INFO ] HHH000108: Foreign keys: [fke98647aeda1e53ad, fke98647ae1b32d119]
2015-05-03 10:46:43 [ main:1456 ] - [ INFO ] HHH000126: Indexes: [fke98647aeda1e53ad, primary, fke98647ae1b32d119]
2015-05-03 10:46:43 [ main:1472 ] - [ INFO ] HHH000261: Table found: phoenix_gui.l_web_unit
2015-05-03 10:46:43 [ main:1472 ] - [ INFO ] HHH000037: Columns: [remark, id, screenshot, caselogid, content]
2015-05-03 10:46:43 [ main:1472 ] - [ INFO ] HHH000108: Foreign keys: [fke98ea602411c9d65]
2015-05-03 10:46:43 [ main:1472 ] - [ INFO ] HHH000126: Indexes: [fke98ea602411c9d65, primary]
2015-05-03 10:46:43 [ main:1472 ] - [ INFO ] HHH000261: Table found: phoenix_gui.t_task
2015-05-03 10:46:43 [ main:1472 ] - [ INFO ] HHH000037: Columns: [tasktype, slaveip, endtime, taskname, id, starttime, taskdata, userid, taskstatustype, taskparameter]
2015-05-03 10:46:43 [ main:1472 ] - [ INFO ] HHH000108: Foreign keys: [fkcb6316707240a919]
2015-05-03 10:46:43 [ main:1472 ] - [ INFO ] HHH000126: Indexes: [fkcb6316707240a919, primary]
2015-05-03 10:46:43 [ main:1487 ] - [ INFO ] HHH000261: Table found: phoenix_gui.t_web_case
2015-05-03 10:46:43 [ main:1487 ] - [ INFO ] HHH000037: Columns: [remark, id, casename, create_date, userid, scenarioid, codecontent, status]
2015-05-03 10:46:43 [ main:1487 ] - [ INFO ] HHH000108: Foreign keys: [fk8bd1d0a6140b62d9]
2015-05-03 10:46:43 [ main:1487 ] - [ INFO ] HHH000126: Indexes: [primary, fk8bd1d0a6140b62d9]
2015-05-03 10:46:43 [ main:1487 ] - [ INFO ] HHH000261: Table found: phoenix_gui.t_web_scenario
2015-05-03 10:46:43 [ main:1487 ] - [ INFO ] HHH000037: Columns: [remark, id, create_date, userid, scenarioname]
2015-05-03 10:46:43 [ main:1487 ] - [ INFO ] HHH000108: Foreign keys: []
2015-05-03 10:46:43 [ main:1487 ] - [ INFO ] HHH000126: Indexes: [primary]
2015-05-03 10:46:43 [ main:1503 ] - [ INFO ] HHH000261: Table found: phoenix_gui.t_web_unit
2015-05-03 10:46:43 [ main:1503 ] - [ INFO ] HHH000037: Columns: [locatortype, caseid, id, locatordataname, locatordata]
2015-05-03 10:46:43 [ main:1503 ] - [ INFO ] HHH000108: Foreign keys: [fk8bda2efa1b32d119]
2015-05-03 10:46:43 [ main:1503 ] - [ INFO ] HHH000126: Indexes: [fk8bda2efa1b32d119, primary]
2015-05-03 10:46:43 [ main:1503 ] - [ INFO ] HHH000232: Schema update complete
2015-05-03 10:47:48 [ main:0 ] - [ INFO ] HCANN000001: Hibernate Commons Annotations {4.0.1.Final}
2015-05-03 10:47:48 [ main:16 ] - [ INFO ] HHH000412: Hibernate Core {4.1.7.Final}
2015-05-03 10:47:48 [ main:16 ] - [ INFO ] HHH000206: hibernate.properties not found
2015-05-03 10:47:48 [ main:16 ] - [ INFO ] HHH000021: Bytecode provider name : javassist
2015-05-03 10:47:48 [ main:47 ] - [ INFO ] HHH000043: Configuring from resource: /hibernate.cfg.xml
2015-05-03 10:47:48 [ main:47 ] - [ INFO ] HHH000040: Configuration resource: /hibernate.cfg.xml
2015-05-03 10:47:48 [ main:141 ] - [ INFO ] HHH000041: Configured SessionFactory: null
2015-05-03 10:47:49 [ main:375 ] - [ INFO ] HHH000402: Using Hibernate built-in connection pool (not for production use!)
2015-05-03 10:47:49 [ main:375 ] - [ INFO ] HHH000115: Hibernate connection pool size: 20
2015-05-03 10:47:49 [ main:375 ] - [ INFO ] HHH000006: Autocommit mode: false
2015-05-03 10:47:49 [ main:375 ] - [ INFO ] HHH000401: using driver [com.mysql.jdbc.Driver] at URL [jdbc:mysql://localhost:3306/phoenix_gui]
2015-05-03 10:47:49 [ main:375 ] - [ INFO ] HHH000046: Connection properties: {user=root, password=****}
2015-05-03 10:47:49 [ main:735 ] - [ INFO ] HHH000400: Using dialect: org.hibernate.dialect.MySQLDialect
2015-05-03 10:47:49 [ main:751 ] - [ INFO ] HHH000399: Using default transaction strategy (direct JDBC transactions)
2015-05-03 10:47:49 [ main:751 ] - [ INFO ] HHH000397: Using ASTQueryTranslatorFactory
2015-05-03 10:47:49 [ main:1079 ] - [ INFO ] HHH000228: Running hbm2ddl schema update
2015-05-03 10:47:49 [ main:1079 ] - [ INFO ] HHH000102: Fetching database metadata
2015-05-03 10:47:49 [ main:1079 ] - [ INFO ] HHH000396: Updating schema
2015-05-03 10:47:49 [ main:1095 ] - [ INFO ] HHH000261: Table found: phoenix_gui.l_web_batch
2015-05-03 10:47:49 [ main:1095 ] - [ INFO ] HHH000037: Columns: [id, batchid]
2015-05-03 10:47:49 [ main:1095 ] - [ INFO ] HHH000108: Foreign keys: []
2015-05-03 10:47:49 [ main:1095 ] - [ INFO ] HHH000126: Indexes: [primary]
2015-05-03 10:47:49 [ main:1111 ] - [ INFO ] HHH000261: Table found: phoenix_gui.l_web_case
2015-05-03 10:47:49 [ main:1111 ] - [ INFO ] HHH000037: Columns: [actor, duration, clientip, caseid, endtime, id, starttime, enginetype, status, batchlogid]
2015-05-03 10:47:49 [ main:1111 ] - [ INFO ] HHH000108: Foreign keys: [fke98647aeda1e53ad, fke98647ae1b32d119]
2015-05-03 10:47:49 [ main:1111 ] - [ INFO ] HHH000126: Indexes: [fke98647aeda1e53ad, primary, fke98647ae1b32d119]
2015-05-03 10:47:49 [ main:1111 ] - [ INFO ] HHH000261: Table found: phoenix_gui.l_web_unit
2015-05-03 10:47:49 [ main:1126 ] - [ INFO ] HHH000037: Columns: [remark, id, screenshot, caselogid, content]
2015-05-03 10:47:49 [ main:1126 ] - [ INFO ] HHH000108: Foreign keys: [fke98ea602411c9d65]
2015-05-03 10:47:49 [ main:1126 ] - [ INFO ] HHH000126: Indexes: [fke98ea602411c9d65, primary]
2015-05-03 10:47:49 [ main:1126 ] - [ INFO ] HHH000261: Table found: phoenix_gui.t_task
2015-05-03 10:47:49 [ main:1126 ] - [ INFO ] HHH000037: Columns: [tasktype, slaveip, endtime, taskname, id, starttime, taskdata, userid, taskstatustype, taskparameter]
2015-05-03 10:47:49 [ main:1126 ] - [ INFO ] HHH000108: Foreign keys: [fkcb6316707240a919]
2015-05-03 10:47:49 [ main:1126 ] - [ INFO ] HHH000126: Indexes: [fkcb6316707240a919, primary]
2015-05-03 10:47:49 [ main:1142 ] - [ INFO ] HHH000261: Table found: phoenix_gui.t_web_case
2015-05-03 10:47:49 [ main:1142 ] - [ INFO ] HHH000037: Columns: [remark, id, casename, create_date, userid, scenarioid, codecontent, status]
2015-05-03 10:47:49 [ main:1142 ] - [ INFO ] HHH000108: Foreign keys: [fk8bd1d0a6140b62d9]
2015-05-03 10:47:49 [ main:1142 ] - [ INFO ] HHH000126: Indexes: [primary, fk8bd1d0a6140b62d9]
2015-05-03 10:47:49 [ main:1142 ] - [ INFO ] HHH000261: Table found: phoenix_gui.t_web_scenario
2015-05-03 10:47:49 [ main:1142 ] - [ INFO ] HHH000037: Columns: [remark, id, create_date, userid, scenarioname]
2015-05-03 10:47:49 [ main:1142 ] - [ INFO ] HHH000108: Foreign keys: []
2015-05-03 10:47:49 [ main:1142 ] - [ INFO ] HHH000126: Indexes: [primary]
2015-05-03 10:47:49 [ main:1157 ] - [ INFO ] HHH000261: Table found: phoenix_gui.t_web_unit
2015-05-03 10:47:49 [ main:1157 ] - [ INFO ] HHH000037: Columns: [locatortype, caseid, id, locatordataname, locatordata]
2015-05-03 10:47:49 [ main:1157 ] - [ INFO ] HHH000108: Foreign keys: [fk8bda2efa1b32d119]
2015-05-03 10:47:49 [ main:1157 ] - [ INFO ] HHH000126: Indexes: [fk8bda2efa1b32d119, primary]
2015-05-03 10:47:49 [ main:1157 ] - [ INFO ] HHH000232: Schema update complete
2015-05-03 10:55:20 [ main:0 ] - [ INFO ] HCANN000001: Hibernate Commons Annotations {4.0.1.Final}
2015-05-03 10:55:20 [ main:7 ] - [ INFO ] HHH000412: Hibernate Core {4.1.7.Final}
2015-05-03 10:55:20 [ main:10 ] - [ INFO ] HHH000206: hibernate.properties not found
2015-05-03 10:55:20 [ main:14 ] - [ INFO ] HHH000021: Bytecode provider name : javassist
2015-05-03 10:55:21 [ main:36 ] - [ INFO ] HHH000043: Configuring from resource: /hibernate.cfg.xml
2015-05-03 10:55:21 [ main:37 ] - [ INFO ] HHH000040: Configuration resource: /hibernate.cfg.xml
2015-05-03 10:55:21 [ main:125 ] - [ INFO ] HHH000041: Configured SessionFactory: null
2015-05-03 10:55:21 [ main:326 ] - [ INFO ] HHH000402: Using Hibernate built-in connection pool (not for production use!)
2015-05-03 10:55:21 [ main:331 ] - [ INFO ] HHH000115: Hibernate connection pool size: 20
2015-05-03 10:55:21 [ main:332 ] - [ INFO ] HHH000006: Autocommit mode: false
2015-05-03 10:55:21 [ main:332 ] - [ INFO ] HHH000401: using driver [com.mysql.jdbc.Driver] at URL [jdbc:mysql://localhost:3306/phoenix_gui]
2015-05-03 10:55:21 [ main:333 ] - [ INFO ] HHH000046: Connection properties: {user=root, password=****}
2015-05-03 10:55:21 [ main:720 ] - [ INFO ] HHH000400: Using dialect: org.hibernate.dialect.MySQLDialect
2015-05-03 10:55:21 [ main:743 ] - [ INFO ] HHH000399: Using default transaction strategy (direct JDBC transactions)
2015-05-03 10:55:21 [ main:748 ] - [ INFO ] HHH000397: Using ASTQueryTranslatorFactory
2015-05-03 10:55:22 [ main:1111 ] - [ INFO ] HHH000228: Running hbm2ddl schema update
2015-05-03 10:55:22 [ main:1113 ] - [ INFO ] HHH000102: Fetching database metadata
2015-05-03 10:55:22 [ main:1115 ] - [ INFO ] HHH000396: Updating schema
2015-05-03 10:55:22 [ main:1136 ] - [ INFO ] HHH000261: Table found: phoenix_gui.l_web_batch
2015-05-03 10:55:22 [ main:1136 ] - [ INFO ] HHH000037: Columns: [id, batchid]
2015-05-03 10:55:22 [ main:1137 ] - [ INFO ] HHH000108: Foreign keys: []
2015-05-03 10:55:22 [ main:1137 ] - [ INFO ] HHH000126: Indexes: [primary]
2015-05-03 10:55:22 [ main:1151 ] - [ INFO ] HHH000261: Table found: phoenix_gui.l_web_case
2015-05-03 10:55:22 [ main:1151 ] - [ INFO ] HHH000037: Columns: [actor, duration, clientip, caseid, endtime, id, starttime, enginetype, status, batchlogid]
2015-05-03 10:55:22 [ main:1151 ] - [ INFO ] HHH000108: Foreign keys: [fke98647aeda1e53ad, fke98647ae1b32d119]
2015-05-03 10:55:22 [ main:1152 ] - [ INFO ] HHH000126: Indexes: [fke98647aeda1e53ad, primary, fke98647ae1b32d119]
2015-05-03 10:55:22 [ main:1164 ] - [ INFO ] HHH000261: Table found: phoenix_gui.l_web_unit
2015-05-03 10:55:22 [ main:1165 ] - [ INFO ] HHH000037: Columns: [remark, id, screenshot, caselogid, content]
2015-05-03 10:55:22 [ main:1165 ] - [ INFO ] HHH000108: Foreign keys: [fke98ea602411c9d65]
2015-05-03 10:55:22 [ main:1165 ] - [ INFO ] HHH000126: Indexes: [fke98ea602411c9d65, primary]
2015-05-03 10:55:22 [ main:1176 ] - [ INFO ] HHH000261: Table found: phoenix_gui.t_task
2015-05-03 10:55:22 [ main:1176 ] - [ INFO ] HHH000037: Columns: [tasktype, slaveip, endtime, taskname, id, starttime, taskdata, userid, taskstatustype, taskparameter]
2015-05-03 10:55:22 [ main:1177 ] - [ INFO ] HHH000108: Foreign keys: [fkcb6316707240a919]
2015-05-03 10:55:22 [ main:1177 ] - [ INFO ] HHH000126: Indexes: [fkcb6316707240a919, primary]
2015-05-03 10:55:22 [ main:1189 ] - [ INFO ] HHH000261: Table found: phoenix_gui.t_web_case
2015-05-03 10:55:22 [ main:1190 ] - [ INFO ] HHH000037: Columns: [remark, id, casename, create_date, userid, scenarioid, codecontent, status]
2015-05-03 10:55:22 [ main:1190 ] - [ INFO ] HHH000108: Foreign keys: [fk8bd1d0a6140b62d9]
2015-05-03 10:55:22 [ main:1190 ] - [ INFO ] HHH000126: Indexes: [primary, fk8bd1d0a6140b62d9]
2015-05-03 10:55:22 [ main:1196 ] - [ INFO ] HHH000261: Table found: phoenix_gui.t_web_scenario
2015-05-03 10:55:22 [ main:1197 ] - [ INFO ] HHH000037: Columns: [remark, id, create_date, userid, scenarioname]
2015-05-03 10:55:22 [ main:1197 ] - [ INFO ] HHH000108: Foreign keys: []
2015-05-03 10:55:22 [ main:1197 ] - [ INFO ] HHH000126: Indexes: [primary]
2015-05-03 10:55:22 [ main:1204 ] - [ INFO ] HHH000261: Table found: phoenix_gui.t_web_unit
2015-05-03 10:55:22 [ main:1204 ] - [ INFO ] HHH000037: Columns: [locatortype, caseid, id, locatordataname, locatordata]
2015-05-03 10:55:22 [ main:1205 ] - [ INFO ] HHH000108: Foreign keys: [fk8bda2efa1b32d119]
2015-05-03 10:55:22 [ main:1205 ] - [ INFO ] HHH000126: Indexes: [fk8bda2efa1b32d119, primary]
2015-05-03 10:55:22 [ main:1206 ] - [ INFO ] HHH000232: Schema update complete
2015-05-03 11:07:59 [ main:0 ] - [ INFO ] HCANN000001: Hibernate Commons Annotations {4.0.1.Final}
2015-05-03 11:07:59 [ main:9 ] - [ INFO ] HHH000412: Hibernate Core {4.1.7.Final}
2015-05-03 11:07:59 [ main:13 ] - [ INFO ] HHH000206: hibernate.properties not found
2015-05-03 11:07:59 [ main:16 ] - [ INFO ] HHH000021: Bytecode provider name : javassist
2015-05-03 11:07:59 [ main:40 ] - [ INFO ] HHH000043: Configuring from resource: /hibernate.cfg.xml
2015-05-03 11:07:59 [ main:40 ] - [ INFO ] HHH000040: Configuration resource: /hibernate.cfg.xml
2015-05-03 11:07:59 [ main:138 ] - [ INFO ] HHH000041: Configured SessionFactory: null
2015-05-03 11:08:00 [ main:337 ] - [ INFO ] HHH000402: Using Hibernate built-in connection pool (not for production use!)
2015-05-03 11:08:00 [ main:341 ] - [ INFO ] HHH000115: Hibernate connection pool size: 20
2015-05-03 11:08:00 [ main:342 ] - [ INFO ] HHH000006: Autocommit mode: false
2015-05-03 11:08:00 [ main:342 ] - [ INFO ] HHH000401: using driver [com.mysql.jdbc.Driver] at URL [jdbc:mysql://localhost:3306/phoenix_gui]
2015-05-03 11:08:00 [ main:343 ] - [ INFO ] HHH000046: Connection properties: {user=root, password=****}
2015-05-03 11:08:00 [ main:658 ] - [ INFO ] HHH000400: Using dialect: org.hibernate.dialect.MySQLDialect
2015-05-03 11:08:00 [ main:675 ] - [ INFO ] HHH000399: Using default transaction strategy (direct JDBC transactions)
2015-05-03 11:08:00 [ main:679 ] - [ INFO ] HHH000397: Using ASTQueryTranslatorFactory
2015-05-03 11:08:00 [ main:1053 ] - [ INFO ] HHH000228: Running hbm2ddl schema update
2015-05-03 11:08:00 [ main:1056 ] - [ INFO ] HHH000102: Fetching database metadata
2015-05-03 11:08:00 [ main:1059 ] - [ INFO ] HHH000396: Updating schema
2015-05-03 11:08:00 [ main:1083 ] - [ INFO ] HHH000261: Table found: phoenix_gui.l_web_batch
2015-05-03 11:08:00 [ main:1083 ] - [ INFO ] HHH000037: Columns: [id, batchid]
2015-05-03 11:08:00 [ main:1083 ] - [ INFO ] HHH000108: Foreign keys: []
2015-05-03 11:08:00 [ main:1083 ] - [ INFO ] HHH000126: Indexes: [primary]
2015-05-03 11:08:00 [ main:1094 ] - [ INFO ] HHH000261: Table found: phoenix_gui.l_web_case
2015-05-03 11:08:00 [ main:1094 ] - [ INFO ] HHH000037: Columns: [actor, duration, clientip, caseid, endtime, id, starttime, enginetype, status, batchlogid]
2015-05-03 11:08:00 [ main:1095 ] - [ INFO ] HHH000108: Foreign keys: [fke98647aeda1e53ad, fke98647ae1b32d119]
2015-05-03 11:08:00 [ main:1095 ] - [ INFO ] HHH000126: Indexes: [fke98647aeda1e53ad, primary, fke98647ae1b32d119]
2015-05-03 11:08:00 [ main:1104 ] - [ INFO ] HHH000261: Table found: phoenix_gui.l_web_unit
2015-05-03 11:08:00 [ main:1105 ] - [ INFO ] HHH000037: Columns: [remark, id, screenshot, caselogid, content]
2015-05-03 11:08:00 [ main:1105 ] - [ INFO ] HHH000108: Foreign keys: [fke98ea602411c9d65]
2015-05-03 11:08:00 [ main:1105 ] - [ INFO ] HHH000126: Indexes: [fke98ea602411c9d65, primary]
2015-05-03 11:08:00 [ main:1113 ] - [ INFO ] HHH000261: Table found: phoenix_gui.t_task
2015-05-03 11:08:00 [ main:1114 ] - [ INFO ] HHH000037: Columns: [tasktype, slaveip, endtime, taskname, id, starttime, taskdata, userid, taskstatustype, taskparameter]
2015-05-03 11:08:00 [ main:1114 ] - [ INFO ] HHH000108: Foreign keys: [fkcb6316707240a919]
2015-05-03 11:08:00 [ main:1114 ] - [ INFO ] HHH000126: Indexes: [fkcb6316707240a919, primary]
2015-05-03 11:08:00 [ main:1124 ] - [ INFO ] HHH000261: Table found: phoenix_gui.t_web_case
2015-05-03 11:08:00 [ main:1125 ] - [ INFO ] HHH000037: Columns: [remark, id, casename, create_date, userid, scenarioid, codecontent, status]
2015-05-03 11:08:00 [ main:1125 ] - [ INFO ] HHH000108: Foreign keys: [fk8bd1d0a6140b62d9]
2015-05-03 11:08:00 [ main:1125 ] - [ INFO ] HHH000126: Indexes: [primary, fk8bd1d0a6140b62d9]
2015-05-03 11:08:00 [ main:1131 ] - [ INFO ] HHH000261: Table found: phoenix_gui.t_web_scenario
2015-05-03 11:08:00 [ main:1132 ] - [ INFO ] HHH000037: Columns: [remark, id, create_date, userid, scenarioname]
2015-05-03 11:08:00 [ main:1132 ] - [ INFO ] HHH000108: Foreign keys: []
2015-05-03 11:08:00 [ main:1132 ] - [ INFO ] HHH000126: Indexes: [primary]
2015-05-03 11:08:00 [ main:1140 ] - [ INFO ] HHH000261: Table found: phoenix_gui.t_web_unit
2015-05-03 11:08:00 [ main:1140 ] - [ INFO ] HHH000037: Columns: [locatortype, caseid, id, locatordataname, locatordata]
2015-05-03 11:08:00 [ main:1141 ] - [ INFO ] HHH000108: Foreign keys: [fk8bda2efa1b32d119]
2015-05-03 11:08:00 [ main:1141 ] - [ INFO ] HHH000126: Indexes: [fk8bda2efa1b32d119, primary]
2015-05-03 11:08:00 [ main:1142 ] - [ INFO ] HHH000232: Schema update complete
2015-05-03 11:22:44 [ main:0 ] - [ INFO ] HCANN000001: Hibernate Commons Annotations {4.0.1.Final}
2015-05-03 11:22:44 [ main:9 ] - [ INFO ] HHH000412: Hibernate Core {4.1.7.Final}
2015-05-03 11:22:44 [ main:12 ] - [ INFO ] HHH000206: hibernate.properties not found
2015-05-03 11:22:44 [ main:16 ] - [ INFO ] HHH000021: Bytecode provider name : javassist
2015-05-03 11:22:44 [ main:36 ] - [ INFO ] HHH000043: Configuring from resource: /hibernate.cfg.xml
2015-05-03 11:22:44 [ main:37 ] - [ INFO ] HHH000040: Configuration resource: /hibernate.cfg.xml
2015-05-03 11:22:44 [ main:129 ] - [ INFO ] HHH000041: Configured SessionFactory: null
2015-05-03 11:22:44 [ main:329 ] - [ INFO ] HHH000402: Using Hibernate built-in connection pool (not for production use!)
2015-05-03 11:22:44 [ main:333 ] - [ INFO ] HHH000115: Hibernate connection pool size: 20
2015-05-03 11:22:44 [ main:334 ] - [ INFO ] HHH000006: Autocommit mode: false
2015-05-03 11:22:44 [ main:334 ] - [ INFO ] HHH000401: using driver [com.mysql.jdbc.Driver] at URL [jdbc:mysql://localhost:3306/phoenix_gui]
2015-05-03 11:22:44 [ main:334 ] - [ INFO ] HHH000046: Connection properties: {user=root, password=****}
2015-05-03 11:22:45 [ main:651 ] - [ INFO ] HHH000400: Using dialect: org.hibernate.dialect.MySQLDialect
2015-05-03 11:22:45 [ main:669 ] - [ INFO ] HHH000399: Using default transaction strategy (direct JDBC transactions)
2015-05-03 11:22:45 [ main:672 ] - [ INFO ] HHH000397: Using ASTQueryTranslatorFactory
2015-05-03 11:22:45 [ main:996 ] - [ INFO ] HHH000228: Running hbm2ddl schema update
2015-05-03 11:22:45 [ main:997 ] - [ INFO ] HHH000102: Fetching database metadata
2015-05-03 11:22:45 [ main:999 ] - [ INFO ] HHH000396: Updating schema
2015-05-03 11:22:45 [ main:1020 ] - [ INFO ] HHH000261: Table found: phoenix_gui.l_web_batch
2015-05-03 11:22:45 [ main:1020 ] - [ INFO ] HHH000037: Columns: [id, batchid]
2015-05-03 11:22:45 [ main:1021 ] - [ INFO ] HHH000108: Foreign keys: []
2015-05-03 11:22:45 [ main:1021 ] - [ INFO ] HHH000126: Indexes: [primary]
2015-05-03 11:22:45 [ main:1032 ] - [ INFO ] HHH000261: Table found: phoenix_gui.l_web_case
2015-05-03 11:22:45 [ main:1032 ] - [ INFO ] HHH000037: Columns: [actor, duration, clientip, caseid, endtime, id, starttime, enginetype, status, batchlogid]
2015-05-03 11:22:45 [ main:1032 ] - [ INFO ] HHH000108: Foreign keys: [fke98647aeda1e53ad, fke98647ae1b32d119]
2015-05-03 11:22:45 [ main:1032 ] - [ INFO ] HHH000126: Indexes: [fke98647aeda1e53ad, primary, fke98647ae1b32d119]
2015-05-03 11:22:45 [ main:1041 ] - [ INFO ] HHH000261: Table found: phoenix_gui.l_web_unit
2015-05-03 11:22:45 [ main:1041 ] - [ INFO ] HHH000037: Columns: [remark, id, screenshot, caselogid, content]
2015-05-03 11:22:45 [ main:1042 ] - [ INFO ] HHH000108: Foreign keys: [fke98ea602411c9d65]
2015-05-03 11:22:45 [ main:1042 ] - [ INFO ] HHH000126: Indexes: [fke98ea602411c9d65, primary]
2015-05-03 11:22:45 [ main:1051 ] - [ INFO ] HHH000261: Table found: phoenix_gui.t_task
2015-05-03 11:22:45 [ main:1051 ] - [ INFO ] HHH000037: Columns: [tasktype, slaveip, endtime, taskname, id, starttime, taskdata, userid, taskstatustype, taskparameter]
2015-05-03 11:22:45 [ main:1051 ] - [ INFO ] HHH000108: Foreign keys: [fkcb6316707240a919]
2015-05-03 11:22:45 [ main:1051 ] - [ INFO ] HHH000126: Indexes: [fkcb6316707240a919, primary]
2015-05-03 11:22:45 [ main:1062 ] - [ INFO ] HHH000261: Table found: phoenix_gui.t_web_case
2015-05-03 11:22:45 [ main:1062 ] - [ INFO ] HHH000037: Columns: [remark, id, casename, create_date, userid, scenarioid, codecontent, status]
2015-05-03 11:22:45 [ main:1062 ] - [ INFO ] HHH000108: Foreign keys: [fk8bd1d0a6140b62d9]
2015-05-03 11:22:45 [ main:1063 ] - [ INFO ] HHH000126: Indexes: [primary, fk8bd1d0a6140b62d9]
2015-05-03 11:22:45 [ main:1069 ] - [ INFO ] HHH000261: Table found: phoenix_gui.t_web_scenario
2015-05-03 11:22:45 [ main:1069 ] - [ INFO ] HHH000037: Columns: [remark, id, create_date, userid, scenarioname]
2015-05-03 11:22:45 [ main:1069 ] - [ INFO ] HHH000108: Foreign keys: []
2015-05-03 11:22:45 [ main:1070 ] - [ INFO ] HHH000126: Indexes: [primary]
2015-05-03 11:22:45 [ main:1077 ] - [ INFO ] HHH000261: Table found: phoenix_gui.t_web_unit
2015-05-03 11:22:45 [ main:1078 ] - [ INFO ] HHH000037: Columns: [locatortype, caseid, id, locatordataname, locatordata]
2015-05-03 11:22:45 [ main:1078 ] - [ INFO ] HHH000108: Foreign keys: [fk8bda2efa1b32d119]
2015-05-03 11:22:45 [ main:1078 ] - [ INFO ] HHH000126: Indexes: [fk8bda2efa1b32d119, primary]
2015-05-03 11:22:45 [ main:1079 ] - [ INFO ] HHH000232: Schema update complete
2015-05-03 11:25:35 [ main:0 ] - [ INFO ] HCANN000001: Hibernate Commons Annotations {4.0.1.Final}
2015-05-03 11:25:35 [ main:9 ] - [ INFO ] HHH000412: Hibernate Core {4.1.7.Final}
2015-05-03 11:25:35 [ main:13 ] - [ INFO ] HHH000206: hibernate.properties not found
2015-05-03 11:25:35 [ main:15 ] - [ INFO ] HHH000021: Bytecode provider name : javassist
2015-05-03 11:25:36 [ main:38 ] - [ INFO ] HHH000043: Configuring from resource: /hibernate.cfg.xml
2015-05-03 11:25:36 [ main:39 ] - [ INFO ] HHH000040: Configuration resource: /hibernate.cfg.xml
2015-05-03 11:25:36 [ main:130 ] - [ INFO ] HHH000041: Configured SessionFactory: null
2015-05-03 11:25:36 [ main:331 ] - [ INFO ] HHH000402: Using Hibernate built-in connection pool (not for production use!)
2015-05-03 11:25:36 [ main:335 ] - [ INFO ] HHH000115: Hibernate connection pool size: 20
2015-05-03 11:25:36 [ main:335 ] - [ INFO ] HHH000006: Autocommit mode: false
2015-05-03 11:25:36 [ main:336 ] - [ INFO ] HHH000401: using driver [com.mysql.jdbc.Driver] at URL [jdbc:mysql://localhost:3306/phoenix_gui]
2015-05-03 11:25:36 [ main:336 ] - [ INFO ] HHH000046: Connection properties: {user=root, password=****}
2015-05-03 11:25:36 [ main:640 ] - [ INFO ] HHH000400: Using dialect: org.hibernate.dialect.MySQLDialect
2015-05-03 11:25:36 [ main:657 ] - [ INFO ] HHH000399: Using default transaction strategy (direct JDBC transactions)
2015-05-03 11:25:36 [ main:661 ] - [ INFO ] HHH000397: Using ASTQueryTranslatorFactory
2015-05-03 11:25:36 [ main:1003 ] - [ INFO ] HHH000228: Running hbm2ddl schema update
2015-05-03 11:25:36 [ main:1006 ] - [ INFO ] HHH000102: Fetching database metadata
2015-05-03 11:25:36 [ main:1009 ] - [ INFO ] HHH000396: Updating schema
2015-05-03 11:25:37 [ main:1036 ] - [ INFO ] HHH000261: Table found: phoenix_gui.l_web_batch
2015-05-03 11:25:37 [ main:1036 ] - [ INFO ] HHH000037: Columns: [id, batchid]
2015-05-03 11:25:37 [ main:1037 ] - [ INFO ] HHH000108: Foreign keys: []
2015-05-03 11:25:37 [ main:1037 ] - [ INFO ] HHH000126: Indexes: [primary]
2015-05-03 11:25:37 [ main:1053 ] - [ INFO ] HHH000261: Table found: phoenix_gui.l_web_case
2015-05-03 11:25:37 [ main:1053 ] - [ INFO ] HHH000037: Columns: [actor, duration, clientip, caseid, endtime, id, starttime, enginetype, status, batchlogid]
2015-05-03 11:25:37 [ main:1054 ] - [ INFO ] HHH000108: Foreign keys: [fke98647aeda1e53ad, fke98647ae1b32d119]
2015-05-03 11:25:37 [ main:1055 ] - [ INFO ] HHH000126: Indexes: [fke98647aeda1e53ad, primary, fke98647ae1b32d119]
2015-05-03 11:25:37 [ main:1065 ] - [ INFO ] HHH000261: Table found: phoenix_gui.l_web_unit
2015-05-03 11:25:37 [ main:1065 ] - [ INFO ] HHH000037: Columns: [remark, id, screenshot, caselogid, content]
2015-05-03 11:25:37 [ main:1066 ] - [ INFO ] HHH000108: Foreign keys: [fke98ea602411c9d65]
2015-05-03 11:25:37 [ main:1066 ] - [ INFO ] HHH000126: Indexes: [fke98ea602411c9d65, primary]
2015-05-03 11:25:37 [ main:1079 ] - [ INFO ] HHH000261: Table found: phoenix_gui.t_task
2015-05-03 11:25:37 [ main:1080 ] - [ INFO ] HHH000037: Columns: [tasktype, slaveip, endtime, taskname, id, starttime, taskdata, userid, taskstatustype, taskparameter]
2015-05-03 11:25:37 [ main:1080 ] - [ INFO ] HHH000108: Foreign keys: [fkcb6316707240a919]
2015-05-03 11:25:37 [ main:1080 ] - [ INFO ] HHH000126: Indexes: [fkcb6316707240a919, primary]
2015-05-03 11:25:37 [ main:1094 ] - [ INFO ] HHH000261: Table found: phoenix_gui.t_web_case
2015-05-03 11:25:37 [ main:1095 ] - [ INFO ] HHH000037: Columns: [remark, id, casename, create_date, userid, scenarioid, codecontent, status]
2015-05-03 11:25:37 [ main:1095 ] - [ INFO ] HHH000108: Foreign keys: [fk8bd1d0a6140b62d9]
2015-05-03 11:25:37 [ main:1096 ] - [ INFO ] HHH000126: Indexes: [primary, fk8bd1d0a6140b62d9]
2015-05-03 11:25:37 [ main:1103 ] - [ INFO ] HHH000261: Table found: phoenix_gui.t_web_scenario
2015-05-03 11:25:37 [ main:1104 ] - [ INFO ] HHH000037: Columns: [remark, id, create_date, userid, scenarioname]
2015-05-03 11:25:37 [ main:1105 ] - [ INFO ] HHH000108: Foreign keys: []
2015-05-03 11:25:37 [ main:1105 ] - [ INFO ] HHH000126: Indexes: [primary]
2015-05-03 11:25:37 [ main:1117 ] - [ INFO ] HHH000261: Table found: phoenix_gui.t_web_unit
2015-05-03 11:25:37 [ main:1118 ] - [ INFO ] HHH000037: Columns: [locatortype, caseid, id, locatordataname, locatordata]
2015-05-03 11:25:37 [ main:1118 ] - [ INFO ] HHH000108: Foreign keys: [fk8bda2efa1b32d119]
2015-05-03 11:25:37 [ main:1118 ] - [ INFO ] HHH000126: Indexes: [fk8bda2efa1b32d119, primary]
2015-05-03 11:25:37 [ main:1120 ] - [ INFO ] HHH000232: Schema update complete
2015-05-03 11:37:52 [ main:0 ] - [ INFO ] HCANN000001: Hibernate Commons Annotations {4.0.1.Final}
2015-05-03 11:37:52 [ main:9 ] - [ INFO ] HHH000412: Hibernate Core {4.1.7.Final}
2015-05-03 11:37:52 [ main:13 ] - [ INFO ] HHH000206: hibernate.properties not found
2015-05-03 11:37:52 [ main:16 ] - [ INFO ] HHH000021: Bytecode provider name : javassist
2015-05-03 11:37:52 [ main:35 ] - [ INFO ] HHH000043: Configuring from resource: /hibernate.cfg.xml
2015-05-03 11:37:52 [ main:36 ] - [ INFO ] HHH000040: Configuration resource: /hibernate.cfg.xml
2015-05-03 11:37:53 [ main:123 ] - [ INFO ] HHH000041: Configured SessionFactory: null
2015-05-03 11:37:53 [ main:372 ] - [ INFO ] HHH000402: Using Hibernate built-in connection pool (not for production use!)
2015-05-03 11:37:53 [ main:376 ] - [ INFO ] HHH000115: Hibernate connection pool size: 20
2015-05-03 11:37:53 [ main:377 ] - [ INFO ] HHH000006: Autocommit mode: false
2015-05-03 11:37:53 [ main:377 ] - [ INFO ] HHH000401: using driver [com.mysql.jdbc.Driver] at URL [jdbc:mysql://localhost:3306/phoenix_gui]
2015-05-03 11:37:53 [ main:377 ] - [ INFO ] HHH000046: Connection properties: {user=root, password=****}
2015-05-03 11:37:53 [ main:686 ] - [ INFO ] HHH000400: Using dialect: org.hibernate.dialect.MySQLDialect
2015-05-03 11:37:53 [ main:703 ] - [ INFO ] HHH000399: Using default transaction strategy (direct JDBC transactions)
2015-05-03 11:37:53 [ main:707 ] - [ INFO ] HHH000397: Using ASTQueryTranslatorFactory
2015-05-03 11:37:53 [ main:1051 ] - [ INFO ] HHH000228: Running hbm2ddl schema update
2015-05-03 11:37:53 [ main:1053 ] - [ INFO ] HHH000102: Fetching database metadata
2015-05-03 11:37:53 [ main:1055 ] - [ INFO ] HHH000396: Updating schema
2015-05-03 11:37:53 [ main:1076 ] - [ INFO ] HHH000261: Table found: phoenix_gui.l_web_batch
2015-05-03 11:37:53 [ main:1076 ] - [ INFO ] HHH000037: Columns: [id, batchid]
2015-05-03 11:37:53 [ main:1076 ] - [ INFO ] HHH000108: Foreign keys: []
2015-05-03 11:37:53 [ main:1077 ] - [ INFO ] HHH000126: Indexes: [primary]
2015-05-03 11:37:53 [ main:1087 ] - [ INFO ] HHH000261: Table found: phoenix_gui.l_web_case
2015-05-03 11:37:53 [ main:1087 ] - [ INFO ] HHH000037: Columns: [actor, duration, clientip, caseid, endtime, id, starttime, enginetype, status, batchlogid]
2015-05-03 11:37:53 [ main:1087 ] - [ INFO ] HHH000108: Foreign keys: [fke98647aeda1e53ad, fke98647ae1b32d119]
2015-05-03 11:37:53 [ main:1088 ] - [ INFO ] HHH000126: Indexes: [fke98647aeda1e53ad, primary, fke98647ae1b32d119]
2015-05-03 11:37:53 [ main:1096 ] - [ INFO ] HHH000261: Table found: phoenix_gui.l_web_unit
2015-05-03 11:37:53 [ main:1096 ] - [ INFO ] HHH000037: Columns: [remark, id, screenshot, caselogid, content]
2015-05-03 11:37:53 [ main:1096 ] - [ INFO ] HHH000108: Foreign keys: [fke98ea602411c9d65]
2015-05-03 11:37:53 [ main:1097 ] - [ INFO ] HHH000126: Indexes: [fke98ea602411c9d65, primary]
2015-05-03 11:37:53 [ main:1105 ] - [ INFO ] HHH000261: Table found: phoenix_gui.t_task
2015-05-03 11:37:53 [ main:1106 ] - [ INFO ] HHH000037: Columns: [tasktype, slaveip, endtime, taskname, id, starttime, taskdata, userid, taskstatustype, taskparameter]
2015-05-03 11:37:53 [ main:1106 ] - [ INFO ] HHH000108: Foreign keys: [fkcb6316707240a919]
2015-05-03 11:37:53 [ main:1106 ] - [ INFO ] HHH000126: Indexes: [fkcb6316707240a919, primary]
2015-05-03 11:37:54 [ main:1115 ] - [ INFO ] HHH000261: Table found: phoenix_gui.t_web_case
2015-05-03 11:37:54 [ main:1115 ] - [ INFO ] HHH000037: Columns: [remark, id, casename, create_date, userid, scenarioid, codecontent, status]
2015-05-03 11:37:54 [ main:1115 ] - [ INFO ] HHH000108: Foreign keys: [fk8bd1d0a6140b62d9]
2015-05-03 11:37:54 [ main:1116 ] - [ INFO ] HHH000126: Indexes: [primary, fk8bd1d0a6140b62d9]
2015-05-03 11:37:54 [ main:1125 ] - [ INFO ] HHH000261: Table found: phoenix_gui.t_web_scenario
2015-05-03 11:37:54 [ main:1126 ] - [ INFO ] HHH000037: Columns: [remark, id, create_date, userid, scenarioname]
2015-05-03 11:37:54 [ main:1126 ] - [ INFO ] HHH000108: Foreign keys: []
2015-05-03 11:37:54 [ main:1126 ] - [ INFO ] HHH000126: Indexes: [primary]
2015-05-03 11:37:54 [ main:1134 ] - [ INFO ] HHH000261: Table found: phoenix_gui.t_web_unit
2015-05-03 11:37:54 [ main:1135 ] - [ INFO ] HHH000037: Columns: [locatortype, caseid, id, locatordataname, locatordata]
2015-05-03 11:37:54 [ main:1135 ] - [ INFO ] HHH000108: Foreign keys: [fk8bda2efa1b32d119]
2015-05-03 11:37:54 [ main:1135 ] - [ INFO ] HHH000126: Indexes: [fk8bda2efa1b32d119, primary]
2015-05-03 11:37:54 [ main:1136 ] - [ INFO ] HHH000232: Schema update complete
2015-05-03 13:55:52 [ main:0 ] - [ INFO ] HCANN000001: Hibernate Commons Annotations {4.0.1.Final}
2015-05-03 13:55:52 [ main:13 ] - [ INFO ] HHH000412: Hibernate Core {4.1.7.Final}
2015-05-03 13:55:52 [ main:15 ] - [ INFO ] HHH000206: hibernate.properties not found
2015-05-03 13:55:52 [ main:17 ] - [ INFO ] HHH000021: Bytecode provider name : javassist
2015-05-03 13:55:53 [ main:37 ] - [ INFO ] HHH000043: Configuring from resource: /hibernate.cfg.xml
2015-05-03 13:55:53 [ main:37 ] - [ INFO ] HHH000040: Configuration resource: /hibernate.cfg.xml
2015-05-03 13:55:53 [ main:128 ] - [ INFO ] HHH000041: Configured SessionFactory: null
2015-05-03 13:55:53 [ main:327 ] - [ INFO ] HHH000402: Using Hibernate built-in connection pool (not for production use!)
2015-05-03 13:55:53 [ main:331 ] - [ INFO ] HHH000115: Hibernate connection pool size: 20
2015-05-03 13:55:53 [ main:331 ] - [ INFO ] HHH000006: Autocommit mode: false
2015-05-03 13:55:53 [ main:332 ] - [ INFO ] HHH000401: using driver [com.mysql.jdbc.Driver] at URL [jdbc:mysql://localhost:3306/phoenix_gui]
2015-05-03 13:55:53 [ main:332 ] - [ INFO ] HHH000046: Connection properties: {user=root, password=****}
2015-05-03 13:55:53 [ main:605 ] - [ INFO ] HHH000400: Using dialect: org.hibernate.dialect.MySQLDialect
2015-05-03 13:55:53 [ main:622 ] - [ INFO ] HHH000399: Using default transaction strategy (direct JDBC transactions)
2015-05-03 13:55:53 [ main:626 ] - [ INFO ] HHH000397: Using ASTQueryTranslatorFactory
2015-05-03 13:55:53 [ main:982 ] - [ INFO ] HHH000228: Running hbm2ddl schema update
2015-05-03 13:55:53 [ main:985 ] - [ INFO ] HHH000102: Fetching database metadata
2015-05-03 13:55:53 [ main:987 ] - [ INFO ] HHH000396: Updating schema
2015-05-03 13:55:53 [ main:1014 ] - [ INFO ] HHH000261: Table found: phoenix_gui.l_web_batch
2015-05-03 13:55:53 [ main:1015 ] - [ INFO ] HHH000037: Columns: [id, batchid]
2015-05-03 13:55:53 [ main:1015 ] - [ INFO ] HHH000108: Foreign keys: []
2015-05-03 13:55:53 [ main:1015 ] - [ INFO ] HHH000126: Indexes: [primary]
2015-05-03 13:55:54 [ main:1030 ] - [ INFO ] HHH000261: Table found: phoenix_gui.l_web_case
2015-05-03 13:55:54 [ main:1030 ] - [ INFO ] HHH000037: Columns: [actor, duration, clientip, caseid, endtime, id, starttime, enginetype, status, batchlogid]
2015-05-03 13:55:54 [ main:1031 ] - [ INFO ] HHH000108: Foreign keys: [fke98647aeda1e53ad, fke98647ae1b32d119]
2015-05-03 13:55:54 [ main:1031 ] - [ INFO ] HHH000126: Indexes: [fke98647aeda1e53ad, primary, fke98647ae1b32d119]
2015-05-03 13:55:54 [ main:1045 ] - [ INFO ] HHH000261: Table found: phoenix_gui.l_web_unit
2015-05-03 13:55:54 [ main:1045 ] - [ INFO ] HHH000037: Columns: [remark, id, screenshot, caselogid, content]
2015-05-03 13:55:54 [ main:1046 ] - [ INFO ] HHH000108: Foreign keys: [fke98ea602411c9d65]
2015-05-03 13:55:54 [ main:1046 ] - [ INFO ] HHH000126: Indexes: [fke98ea602411c9d65, primary]
2015-05-03 13:55:54 [ main:1061 ] - [ INFO ] HHH000261: Table found: phoenix_gui.t_task
2015-05-03 13:55:54 [ main:1061 ] - [ INFO ] HHH000037: Columns: [tasktype, slaveip, endtime, taskname, id, starttime, taskdata, userid, taskstatustype, taskparameter]
2015-05-03 13:55:54 [ main:1062 ] - [ INFO ] HHH000108: Foreign keys: [fkcb6316707240a919]
2015-05-03 13:55:54 [ main:1063 ] - [ INFO ] HHH000126: Indexes: [fkcb6316707240a919, primary]
2015-05-03 13:55:54 [ main:1079 ] - [ INFO ] HHH000261: Table found: phoenix_gui.t_web_case
2015-05-03 13:55:54 [ main:1080 ] - [ INFO ] HHH000037: Columns: [remark, id, casename, create_date, userid, scenarioid, codecontent, status]
2015-05-03 13:55:54 [ main:1080 ] - [ INFO ] HHH000108: Foreign keys: [fk8bd1d0a6140b62d9]
2015-05-03 13:55:54 [ main:1080 ] - [ INFO ] HHH000126: Indexes: [primary, fk8bd1d0a6140b62d9]
2015-05-03 13:55:54 [ main:1089 ] - [ INFO ] HHH000261: Table found: phoenix_gui.t_web_scenario
2015-05-03 13:55:54 [ main:1089 ] - [ INFO ] HHH000037: Columns: [remark, id, create_date, userid, scenarioname]
2015-05-03 13:55:54 [ main:1090 ] - [ INFO ] HHH000108: Foreign keys: []
2015-05-03 13:55:54 [ main:1090 ] - [ INFO ] HHH000126: Indexes: [primary]
2015-05-03 13:55:54 [ main:1103 ] - [ INFO ] HHH000261: Table found: phoenix_gui.t_web_unit
2015-05-03 13:55:54 [ main:1104 ] - [ INFO ] HHH000037: Columns: [locatortype, caseid, id, locatordataname, locatordata]
2015-05-03 13:55:54 [ main:1104 ] - [ INFO ] HHH000108: Foreign keys: [fk8bda2efa1b32d119]
2015-05-03 13:55:54 [ main:1105 ] - [ INFO ] HHH000126: Indexes: [fk8bda2efa1b32d119, primary]
2015-05-03 13:55:54 [ main:1106 ] - [ INFO ] HHH000232: Schema update complete
2015-05-03 13:55:58 [ main:5168 ] - [ INFO ] OpenNewWindowByIE 执行成功，url：http://www.baidu.com
2015-05-03 13:56:03 [ main:10780 ] - [ INFO ] 对元素 [ #kw ] 执行 setText 成功,setText的值是：1
2015-05-03 13:56:03 [ main:10981 ] - [ INFO ] 对元素 [ #su ] 根据attr:value 执行 getAttrValue 成功,getAttrValue的值是：百度一下
2015-05-03 13:56:04 [ main:11405 ] - [ INFO ] 对元素 [ #su ] 执行 click 成功
2015-05-03 13:56:05 [ main:12406 ] - [ INFO ] sleep 执行成功，时间：1000
2015-05-04 15:30:46 [ main:0 ] - [ INFO ] HCANN000001: Hibernate Commons Annotations {4.0.1.Final}
2015-05-04 15:30:46 [ main:22 ] - [ INFO ] HHH000412: Hibernate Core {4.1.7.Final}
2015-05-04 15:30:46 [ main:26 ] - [ INFO ] HHH000206: hibernate.properties not found
2015-05-04 15:30:46 [ main:27 ] - [ INFO ] HHH000021: Bytecode provider name : javassist
2015-05-04 15:30:46 [ main:53 ] - [ INFO ] HHH000043: Configuring from resource: /hibernate.cfg.xml
2015-05-04 15:30:46 [ main:54 ] - [ INFO ] HHH000040: Configuration resource: /hibernate.cfg.xml
2015-05-04 15:30:46 [ main:157 ] - [ INFO ] HHH000041: Configured SessionFactory: null
2015-05-04 15:30:46 [ main:387 ] - [ INFO ] HHH000402: Using Hibernate built-in connection pool (not for production use!)
2015-05-04 15:30:46 [ main:391 ] - [ INFO ] HHH000115: Hibernate connection pool size: 20
2015-05-04 15:30:46 [ main:391 ] - [ INFO ] HHH000006: Autocommit mode: false
2015-05-04 15:30:46 [ main:392 ] - [ INFO ] HHH000401: using driver [com.mysql.jdbc.Driver] at URL [jdbc:mysql://localhost:3306/phoenix_gui]
2015-05-04 15:30:46 [ main:392 ] - [ INFO ] HHH000046: Connection properties: {user=root, password=****}
2015-05-04 15:30:47 [ main:738 ] - [ INFO ] HHH000400: Using dialect: org.hibernate.dialect.MySQLDialect
2015-05-04 15:30:47 [ main:756 ] - [ INFO ] HHH000399: Using default transaction strategy (direct JDBC transactions)
2015-05-04 15:30:47 [ main:760 ] - [ INFO ] HHH000397: Using ASTQueryTranslatorFactory
2015-05-04 15:30:47 [ main:1103 ] - [ INFO ] HHH000228: Running hbm2ddl schema update
2015-05-04 15:30:47 [ main:1105 ] - [ INFO ] HHH000102: Fetching database metadata
2015-05-04 15:30:47 [ main:1107 ] - [ INFO ] HHH000396: Updating schema
2015-05-04 15:30:47 [ main:1129 ] - [ INFO ] HHH000261: Table found: phoenix_gui.l_web_batch
2015-05-04 15:30:47 [ main:1130 ] - [ INFO ] HHH000037: Columns: [id, batchid]
2015-05-04 15:30:47 [ main:1130 ] - [ INFO ] HHH000108: Foreign keys: []
2015-05-04 15:30:47 [ main:1131 ] - [ INFO ] HHH000126: Indexes: [primary]
2015-05-04 15:30:47 [ main:1142 ] - [ INFO ] HHH000261: Table found: phoenix_gui.l_web_case
2015-05-04 15:30:47 [ main:1142 ] - [ INFO ] HHH000037: Columns: [actor, duration, clientip, caseid, endtime, id, starttime, enginetype, status, batchlogid]
2015-05-04 15:30:47 [ main:1143 ] - [ INFO ] HHH000108: Foreign keys: [fke98647aeda1e53ad, fke98647ae1b32d119]
2015-05-04 15:30:47 [ main:1143 ] - [ INFO ] HHH000126: Indexes: [fke98647aeda1e53ad, primary, fke98647ae1b32d119]
2015-05-04 15:30:47 [ main:1154 ] - [ INFO ] HHH000261: Table found: phoenix_gui.l_web_unit
2015-05-04 15:30:47 [ main:1154 ] - [ INFO ] HHH000037: Columns: [remark, id, screenshot, caselogid, content]
2015-05-04 15:30:47 [ main:1155 ] - [ INFO ] HHH000108: Foreign keys: [fke98ea602411c9d65]
2015-05-04 15:30:47 [ main:1155 ] - [ INFO ] HHH000126: Indexes: [fke98ea602411c9d65, primary]
2015-05-04 15:30:47 [ main:1166 ] - [ INFO ] HHH000261: Table found: phoenix_gui.t_task
2015-05-04 15:30:47 [ main:1167 ] - [ INFO ] HHH000037: Columns: [tasktype, slaveip, endtime, taskname, id, starttime, taskdata, userid, taskstatustype, taskparameter]
2015-05-04 15:30:47 [ main:1167 ] - [ INFO ] HHH000108: Foreign keys: [fkcb6316707240a919]
2015-05-04 15:30:47 [ main:1167 ] - [ INFO ] HHH000126: Indexes: [fkcb6316707240a919, primary]
2015-05-04 15:30:47 [ main:1181 ] - [ INFO ] HHH000261: Table found: phoenix_gui.t_web_case
2015-05-04 15:30:47 [ main:1181 ] - [ INFO ] HHH000037: Columns: [remark, id, casename, create_date, userid, scenarioid, codecontent, status]
2015-05-04 15:30:47 [ main:1181 ] - [ INFO ] HHH000108: Foreign keys: [fk8bd1d0a6140b62d9]
2015-05-04 15:30:47 [ main:1182 ] - [ INFO ] HHH000126: Indexes: [primary, fk8bd1d0a6140b62d9]
2015-05-04 15:30:47 [ main:1191 ] - [ INFO ] HHH000261: Table found: phoenix_gui.t_web_scenario
2015-05-04 15:30:47 [ main:1191 ] - [ INFO ] HHH000037: Columns: [remark, id, create_date, userid, scenarioname]
2015-05-04 15:30:47 [ main:1191 ] - [ INFO ] HHH000108: Foreign keys: []
2015-05-04 15:30:47 [ main:1192 ] - [ INFO ] HHH000126: Indexes: [primary]
2015-05-04 15:30:47 [ main:1200 ] - [ INFO ] HHH000261: Table found: phoenix_gui.t_web_unit
2015-05-04 15:30:47 [ main:1200 ] - [ INFO ] HHH000037: Columns: [locatortype, caseid, id, locatordataname, locatordata]
2015-05-04 15:30:47 [ main:1201 ] - [ INFO ] HHH000108: Foreign keys: [fk8bda2efa1b32d119]
2015-05-04 15:30:47 [ main:1201 ] - [ INFO ] HHH000126: Indexes: [fk8bda2efa1b32d119, primary]
2015-05-04 15:30:47 [ main:1202 ] - [ INFO ] HHH000232: Schema update complete
2015-05-04 15:30:58 [ main:0 ] - [ INFO ] HCANN000001: Hibernate Commons Annotations {4.0.1.Final}
2015-05-04 15:30:58 [ main:8 ] - [ INFO ] HHH000412: Hibernate Core {4.1.7.Final}
2015-05-04 15:30:58 [ main:12 ] - [ INFO ] HHH000206: hibernate.properties not found
2015-05-04 15:30:58 [ main:15 ] - [ INFO ] HHH000021: Bytecode provider name : javassist
2015-05-04 15:30:58 [ main:46 ] - [ INFO ] HHH000043: Configuring from resource: /hibernate.cfg.xml
2015-05-04 15:30:58 [ main:46 ] - [ INFO ] HHH000040: Configuration resource: /hibernate.cfg.xml
2015-05-04 15:30:58 [ main:162 ] - [ INFO ] HHH000041: Configured SessionFactory: null
2015-05-04 15:30:58 [ main:400 ] - [ INFO ] HHH000402: Using Hibernate built-in connection pool (not for production use!)
2015-05-04 15:30:58 [ main:404 ] - [ INFO ] HHH000115: Hibernate connection pool size: 20
2015-05-04 15:30:58 [ main:405 ] - [ INFO ] HHH000006: Autocommit mode: false
2015-05-04 15:30:58 [ main:405 ] - [ INFO ] HHH000401: using driver [com.mysql.jdbc.Driver] at URL [jdbc:mysql://localhost:3306/phoenix_gui]
2015-05-04 15:30:58 [ main:406 ] - [ INFO ] HHH000046: Connection properties: {user=root, password=****}
2015-05-04 15:30:58 [ main:747 ] - [ INFO ] HHH000400: Using dialect: org.hibernate.dialect.MySQLDialect
2015-05-04 15:30:58 [ main:765 ] - [ INFO ] HHH000399: Using default transaction strategy (direct JDBC transactions)
2015-05-04 15:30:58 [ main:769 ] - [ INFO ] HHH000397: Using ASTQueryTranslatorFactory
2015-05-04 15:30:59 [ main:1294 ] - [ INFO ] HHH000228: Running hbm2ddl schema update
2015-05-04 15:30:59 [ main:1296 ] - [ INFO ] HHH000102: Fetching database metadata
2015-05-04 15:30:59 [ main:1298 ] - [ INFO ] HHH000396: Updating schema
2015-05-04 15:30:59 [ main:1319 ] - [ INFO ] HHH000261: Table found: phoenix_gui.l_web_batch
2015-05-04 15:30:59 [ main:1320 ] - [ INFO ] HHH000037: Columns: [id, batchid]
2015-05-04 15:30:59 [ main:1320 ] - [ INFO ] HHH000108: Foreign keys: []
2015-05-04 15:30:59 [ main:1320 ] - [ INFO ] HHH000126: Indexes: [primary]
2015-05-04 15:30:59 [ main:1332 ] - [ INFO ] HHH000261: Table found: phoenix_gui.l_web_case
2015-05-04 15:30:59 [ main:1332 ] - [ INFO ] HHH000037: Columns: [actor, duration, clientip, caseid, endtime, id, starttime, enginetype, status, batchlogid]
2015-05-04 15:30:59 [ main:1332 ] - [ INFO ] HHH000108: Foreign keys: [fke98647aeda1e53ad, fke98647ae1b32d119]
2015-05-04 15:30:59 [ main:1332 ] - [ INFO ] HHH000126: Indexes: [fke98647aeda1e53ad, primary, fke98647ae1b32d119]
2015-05-04 15:30:59 [ main:1341 ] - [ INFO ] HHH000261: Table found: phoenix_gui.l_web_unit
2015-05-04 15:30:59 [ main:1341 ] - [ INFO ] HHH000037: Columns: [remark, id, screenshot, caselogid, content]
2015-05-04 15:30:59 [ main:1342 ] - [ INFO ] HHH000108: Foreign keys: [fke98ea602411c9d65]
2015-05-04 15:30:59 [ main:1342 ] - [ INFO ] HHH000126: Indexes: [fke98ea602411c9d65, primary]
2015-05-04 15:30:59 [ main:1351 ] - [ INFO ] HHH000261: Table found: phoenix_gui.t_task
2015-05-04 15:30:59 [ main:1352 ] - [ INFO ] HHH000037: Columns: [tasktype, slaveip, endtime, taskname, id, starttime, taskdata, userid, taskstatustype, taskparameter]
2015-05-04 15:30:59 [ main:1352 ] - [ INFO ] HHH000108: Foreign keys: [fkcb6316707240a919]
2015-05-04 15:30:59 [ main:1352 ] - [ INFO ] HHH000126: Indexes: [fkcb6316707240a919, primary]
2015-05-04 15:30:59 [ main:1363 ] - [ INFO ] HHH000261: Table found: phoenix_gui.t_web_case
2015-05-04 15:30:59 [ main:1363 ] - [ INFO ] HHH000037: Columns: [remark, id, casename, create_date, userid, scenarioid, codecontent, status]
2015-05-04 15:30:59 [ main:1363 ] - [ INFO ] HHH000108: Foreign keys: [fk8bd1d0a6140b62d9]
2015-05-04 15:30:59 [ main:1364 ] - [ INFO ] HHH000126: Indexes: [primary, fk8bd1d0a6140b62d9]
2015-05-04 15:30:59 [ main:1370 ] - [ INFO ] HHH000261: Table found: phoenix_gui.t_web_scenario
2015-05-04 15:30:59 [ main:1371 ] - [ INFO ] HHH000037: Columns: [remark, id, create_date, userid, scenarioname]
2015-05-04 15:30:59 [ main:1371 ] - [ INFO ] HHH000108: Foreign keys: []
2015-05-04 15:30:59 [ main:1371 ] - [ INFO ] HHH000126: Indexes: [primary]
2015-05-04 15:30:59 [ main:1379 ] - [ INFO ] HHH000261: Table found: phoenix_gui.t_web_unit
2015-05-04 15:30:59 [ main:1380 ] - [ INFO ] HHH000037: Columns: [locatortype, caseid, id, locatordataname, locatordata]
2015-05-04 15:30:59 [ main:1380 ] - [ INFO ] HHH000108: Foreign keys: [fk8bda2efa1b32d119]
2015-05-04 15:30:59 [ main:1380 ] - [ INFO ] HHH000126: Indexes: [fk8bda2efa1b32d119, primary]
2015-05-04 15:30:59 [ main:1381 ] - [ INFO ] HHH000232: Schema update complete
