19:21:47,052  INFO AutowiredAnnotationBeanPostProcessor:139 - JSR-330 'javax.inject.Inject' annotation found and supported for autowiring
19:21:47,301 DEBUG SQL:104 - select taskmodel0_.id as id2_, taskmodel0_.beanName as beanName2_, taskmodel0_.endTime as endTime2_, taskmodel0_.jobStatus as jobStatus2_, taskmodel0_.lastTime as lastTime2_, taskmodel0_.message as message2_, taskmodel0_.slaveId as slaveId2_, taskmodel0_.startTime as startTime2_, taskmodel0_.taskData as taskData2_, taskmodel0_.taskName as taskName2_, taskmodel0_.taskParameter as taskPar10_2_, taskmodel0_.taskStatusType as taskSta11_2_, taskmodel0_.taskType as taskType2_, taskmodel0_.userId as userId2_ from t_task taskmodel0_ where taskmodel0_.jobStatus in ('WAITING' , 'RUNNING' , 'ERROR')
19:21:53,944  INFO DispatcherServlet:444 - FrameworkServlet 'phoenix': initialization started
19:21:53,950  INFO XmlWebApplicationContext:500 - Refreshing WebApplicationContext for namespace 'phoenix-servlet': startup date [Mon Jun 08 19:21:53 CST 2015]; parent: Root WebApplicationContext
19:21:53,951  INFO XmlBeanDefinitionReader:315 - Loading XML bean definitions from ServletContext resource [/WEB-INF/phoenix-servlet.xml]
19:21:54,030  INFO ClassPathBeanDefinitionScanner:202 - JSR-250 'javax.annotation.ManagedBean' found and supported for component scanning
19:21:54,030  INFO ClassPathBeanDefinitionScanner:210 - JSR-330 'javax.inject.Named' annotation found and supported for component scanning
19:21:54,074  INFO DwrClassPathBeanDefinitionScanner:89 - Dwr classpath scanning detected candidate bean [dwrService]. Remoting using dwrService
19:21:54,129  INFO DwrAnnotationPostProcessor:65 - Detected candidate bean [dwrService]. Remoting using dwrService
19:21:54,130  INFO CreatorParserHelper:128 - [dwrService] remote bean definition already detected. Invalid mixed use of <dwr:annotation-config /> and <dwr:annotation-scan />? Re-scanned package?
19:21:54,131  INFO AutowiredAnnotationBeanPostProcessor:139 - JSR-330 'javax.inject.Inject' annotation found and supported for autowiring
19:21:54,161  INFO DefaultListableBeanFactory:581 - Pre-instantiating singletons in org.springframework.beans.factory.support.DefaultListableBeanFactory@f8c75a2: defining beans [org.springframework.web.servlet.mvc.method.annotation.RequestMappingHandlerMapping#0,org.springframework.format.support.FormattingConversionServiceFactoryBean#0,org.springframework.validation.beanvalidation.LocalValidatorFactoryBean#0,org.springframework.web.servlet.mvc.method.annotation.RequestMappingHandlerAdapter#0,org.springframework.web.servlet.handler.MappedInterceptor#0,org.springframework.web.servlet.mvc.method.annotation.ExceptionHandlerExceptionResolver#0,org.springframework.web.servlet.mvc.annotation.ResponseStatusExceptionResolver#0,org.springframework.web.servlet.mvc.support.DefaultHandlerExceptionResolver#0,org.springframework.web.servlet.handler.BeanNameUrlHandlerMapping,org.springframework.web.servlet.mvc.HttpRequestHandlerAdapter,org.springframework.web.servlet.mvc.SimpleControllerHandlerAdapter,org.springframework.web.servlet.resource.ResourceHttpRequestHandler#0,org.springframework.web.servlet.handler.SimpleUrlHandlerMapping#0,org.springframework.web.servlet.handler.MappedInterceptor#1,attachController,authController,caseController,chartController,dataController,indexController,locatorController,logController,loginController,msgController,scenarioController,slaveController,taskController,userController,org.springframework.context.annotation.internalConfigurationAnnotationProcessor,org.springframework.context.annotation.internalAutowiredAnnotationProcessor,org.springframework.context.annotation.internalRequiredAnnotationProcessor,org.springframework.context.annotation.internalCommonAnnotationProcessor,org.springframework.context.annotation.internalPersistenceAnnotationProcessor,__dwrConfiguration,dwrController,dwrAnnotationConfig,dwrService,__dwrService,org.springframework.aop.config.internalAutoProxyCreator,org.springframework.aop.aspectj.AspectJPointcutAdvisor#0,org.springframework.aop.aspectj.AspectJPointcutAdvisor#1,logPointCut,org.springframework.web.servlet.view.InternalResourceViewResolver#0,org.springframework.web.servlet.handler.SimpleUrlHandlerMapping#1,exceptionResolver,multipartResolver,org.springframework.context.annotation.ConfigurationClassPostProcessor$ImportAwareBeanPostProcessor#0]; parent: org.springframework.beans.factory.support.DefaultListableBeanFactory@7f500542
19:21:54,384  INFO RequestMappingHandlerMapping:186 - Mapped "{[/attach/add],methods=[GET],params=[],headers=[],consumes=[],produces=[],custom=[]}" onto public java.lang.String org.phoenix.web.controller.AttachController.add()
19:21:54,384  INFO RequestMappingHandlerMapping:186 - Mapped "{[/attach/add],methods=[POST],params=[],headers=[],consumes=[],produces=[],custom=[]}" onto public java.lang.String org.phoenix.web.controller.AttachController.add(org.springframework.web.multipart.MultipartFile[],javax.servlet.http.HttpServletRequest) throws java.io.IOException
19:21:54,385  INFO RequestMappingHandlerMapping:186 - Mapped "{[/attach/delete/{id}],methods=[],params=[],headers=[],consumes=[],produces=[],custom=[]}" onto public java.lang.String org.phoenix.web.controller.AttachController.delete(java.lang.Integer,javax.servlet.http.HttpSession)
19:21:54,385  INFO RequestMappingHandlerMapping:186 - Mapped "{[/attach/list],methods=[],params=[],headers=[],consumes=[],produces=[],custom=[]}" onto public java.lang.String org.phoenix.web.controller.AttachController.list(org.springframework.ui.Model,javax.servlet.http.HttpSession)
19:21:54,387  INFO RequestMappingHandlerMapping:186 - Mapped "{[/attach/select],methods=[POST],params=[],headers=[],consumes=[],produces=[],custom=[]}" onto public java.lang.String org.phoenix.web.controller.AttachController.select(java.lang.String,org.springframework.ui.Model,javax.servlet.http.HttpSession)
19:21:54,390  INFO RequestMappingHandlerMapping:186 - Mapped "{[/auth/menu],methods=[POST],params=[],headers=[],consumes=[],produces=[text/html;charset=UTF-8],custom=[]}" onto public java.lang.String org.phoenix.web.controller.AuthController.getAuth(javax.servlet.http.HttpSession)
19:21:54,391  INFO RequestMappingHandlerMapping:186 - Mapped "{[/case/add],methods=[GET],params=[],headers=[],consumes=[],produces=[],custom=[]}" onto public java.lang.String org.phoenix.web.controller.CaseController.add(java.lang.Integer,org.springframework.ui.Model,javax.servlet.http.HttpSession)
19:21:54,392  INFO RequestMappingHandlerMapping:186 - Mapped "{[/case/add],methods=[POST],params=[],headers=[],consumes=[],produces=[],custom=[]}" onto public java.lang.String org.phoenix.web.controller.CaseController.add(java.lang.Integer,org.phoenix.web.dto.CaseDTO,org.springframework.validation.BindingResult,org.springframework.ui.Model,javax.servlet.http.HttpSession)
19:21:54,392  INFO RequestMappingHandlerMapping:186 - Mapped "{[/case/update/{id}],methods=[GET],params=[],headers=[],consumes=[],produces=[],custom=[]}" onto public java.lang.String org.phoenix.web.controller.CaseController.update(java.lang.Integer,org.springframework.ui.Model,javax.servlet.http.HttpSession)
19:21:54,393  INFO RequestMappingHandlerMapping:186 - Mapped "{[/case/update/editor],methods=[POST],params=[],headers=[],consumes=[],produces=[],custom=[]}" onto public java.lang.String org.phoenix.web.controller.CaseController.update(org.phoenix.web.dto.CaseDTO,org.springframework.validation.BindingResult,org.springframework.ui.Model)
19:21:54,394  INFO RequestMappingHandlerMapping:186 - Mapped "{[/case/list],methods=[GET],params=[],headers=[],consumes=[],produces=[],custom=[]}" onto public java.lang.String org.phoenix.web.controller.CaseController.list(org.springframework.ui.Model,javax.servlet.http.HttpSession)
19:21:54,394  INFO RequestMappingHandlerMapping:186 - Mapped "{[/case/select],methods=[POST],params=[],headers=[],consumes=[],produces=[],custom=[]}" onto public java.lang.String org.phoenix.web.controller.CaseController.select(java.lang.String,org.springframework.ui.Model,javax.servlet.http.HttpSession)
19:21:54,395  INFO RequestMappingHandlerMapping:186 - Mapped "{[/case/{id}],methods=[GET],params=[],headers=[],consumes=[],produces=[],custom=[]}" onto public java.lang.String org.phoenix.web.controller.CaseController.listByScenario(java.lang.Integer,org.springframework.ui.Model)
19:21:54,397  INFO RequestMappingHandlerMapping:186 - Mapped "{[/case/delete/{id}],methods=[GET],params=[],headers=[],consumes=[],produces=[],custom=[]}" onto public java.lang.String org.phoenix.web.controller.CaseController.delCase(int)
19:21:54,397  INFO RequestMappingHandlerMapping:186 - Mapped "{[/case/add/{id}],methods=[GET],params=[],headers=[],consumes=[],produces=[],custom=[]}" onto public java.lang.String org.phoenix.web.controller.CaseController.addByScenario(java.lang.Integer,org.springframework.ui.Model)
19:21:54,398  INFO RequestMappingHandlerMapping:186 - Mapped "{[/chart/SCENARIO],methods=[GET],params=[],headers=[],consumes=[],produces=[],custom=[]}" onto public java.lang.String org.phoenix.web.controller.ChartController.getScenarioStatistics(org.springframework.ui.Model,javax.servlet.http.HttpSession)
19:21:54,402  INFO RequestMappingHandlerMapping:186 - Mapped "{[/chart/SCENARIO/{id}],methods=[GET],params=[],headers=[],consumes=[],produces=[],custom=[]}" onto public java.lang.String org.phoenix.web.controller.ChartController.getScenarioStatistics(java.lang.Integer,org.springframework.ui.Model,javax.servlet.http.HttpSession)
19:21:54,402  INFO RequestMappingHandlerMapping:186 - Mapped "{[/chart/CASE/{id}],methods=[GET],params=[],headers=[],consumes=[],produces=[],custom=[]}" onto public java.lang.String org.phoenix.web.controller.ChartController.getCaseStatistics(java.lang.Integer,org.springframework.ui.Model,javax.servlet.http.HttpSession)
19:21:54,403  INFO RequestMappingHandlerMapping:186 - Mapped "{[/chart/CASE],methods=[GET],params=[],headers=[],consumes=[],produces=[],custom=[]}" onto public java.lang.String org.phoenix.web.controller.ChartController.getCaseStatistics(org.springframework.ui.Model,javax.servlet.http.HttpSession)
19:21:54,404  INFO RequestMappingHandlerMapping:186 - Mapped "{[/data/add/{id}],methods=[GET],params=[],headers=[],consumes=[],produces=[],custom=[]}" onto public java.lang.String org.phoenix.web.controller.DataController.add(java.lang.Integer,org.springframework.ui.Model,javax.servlet.http.HttpSession)
19:21:54,405  INFO RequestMappingHandlerMapping:186 - Mapped "{[/data/add/{id}],methods=[POST],params=[],headers=[],consumes=[],produces=[],custom=[]}" onto public java.lang.String org.phoenix.web.controller.DataController.add(java.lang.Integer,org.phoenix.web.dto.DataDTO,org.springframework.validation.BindingResult,org.springframework.ui.Model)
19:21:54,405  INFO RequestMappingHandlerMapping:186 - Mapped "{[/data/update/{cid}/{id}],methods=[GET],params=[],headers=[],consumes=[],produces=[],custom=[]}" onto public java.lang.String org.phoenix.web.controller.DataController.update(java.lang.Integer,java.lang.Integer,org.springframework.ui.Model,javax.servlet.http.HttpSession)
19:21:54,405  INFO RequestMappingHandlerMapping:186 - Mapped "{[/data/update/{cid}/{id}],methods=[POST],params=[],headers=[],consumes=[],produces=[],custom=[]}" onto public java.lang.String org.phoenix.web.controller.DataController.update(java.lang.Integer,java.lang.Integer,org.phoenix.web.dto.DataDTO,org.springframework.validation.BindingResult,org.springframework.ui.Model)
19:21:54,406  INFO RequestMappingHandlerMapping:186 - Mapped "{[/data/delete/{cid}/{id}],methods=[],params=[],headers=[],consumes=[],produces=[],custom=[]}" onto public java.lang.String org.phoenix.web.controller.DataController.delete(java.lang.Integer,java.lang.Integer)
19:21:54,406  INFO RequestMappingHandlerMapping:186 - Mapped "{[/data/list/{id}],methods=[],params=[],headers=[],consumes=[],produces=[],custom=[]}" onto public java.lang.String org.phoenix.web.controller.DataController.list(java.lang.Integer,org.springframework.ui.Model)
19:21:54,407  INFO RequestMappingHandlerMapping:186 - Mapped "{[/ || //index],methods=[],params=[],headers=[],consumes=[],produces=[],custom=[]}" onto public java.lang.String org.phoenix.web.controller.IndexController.index()
19:21:54,408  INFO RequestMappingHandlerMapping:186 - Mapped "{[//index/welcome],methods=[],params=[],headers=[],consumes=[],produces=[],custom=[]}" onto public java.lang.String org.phoenix.web.controller.IndexController.welcome()
19:21:54,409  INFO RequestMappingHandlerMapping:186 - Mapped "{[/locator/add/{id}],methods=[GET],params=[],headers=[],consumes=[],produces=[],custom=[]}" onto public java.lang.String org.phoenix.web.controller.LocatorController.add(java.lang.Integer,org.springframework.ui.Model)
19:21:54,409  INFO RequestMappingHandlerMapping:186 - Mapped "{[/locator/add/{id}],methods=[POST],params=[],headers=[],consumes=[],produces=[],custom=[]}" onto public java.lang.String org.phoenix.web.controller.LocatorController.add(org.phoenix.web.dto.LocatorDTO,org.springframework.validation.BindingResult)
19:21:54,410  INFO RequestMappingHandlerMapping:186 - Mapped "{[/locator/update/{id}],methods=[POST],params=[],headers=[],consumes=[],produces=[],custom=[]}" onto public java.lang.String org.phoenix.web.controller.LocatorController.update(java.lang.Integer,org.phoenix.web.dto.LocatorDTO,org.springframework.validation.BindingResult,org.springframework.ui.Model)
19:21:54,410  INFO RequestMappingHandlerMapping:186 - Mapped "{[/locator/update/{id}],methods=[GET],params=[],headers=[],consumes=[],produces=[],custom=[]}" onto public java.lang.String org.phoenix.web.controller.LocatorController.update(java.lang.Integer,org.springframework.ui.Model)
19:21:54,410  INFO RequestMappingHandlerMapping:186 - Mapped "{[/locator/delete/{id}],methods=[],params=[],headers=[],consumes=[],produces=[],custom=[]}" onto public java.lang.String org.phoenix.web.controller.LocatorController.delete(java.lang.Integer)
19:21:54,411  INFO RequestMappingHandlerMapping:186 - Mapped "{[/locator/case/{id}],methods=[],params=[],headers=[],consumes=[],produces=[],custom=[]}" onto public java.lang.String org.phoenix.web.controller.LocatorController.list(java.lang.Integer,org.springframework.ui.Model)
19:21:54,412  INFO RequestMappingHandlerMapping:186 - Mapped "{[/log/deletecaselog/{sid}/{id}],methods=[],params=[],headers=[],consumes=[],produces=[],custom=[]}" onto public java.lang.String org.phoenix.web.controller.LogController.deleteScenCaseLog(java.lang.Integer,java.lang.Integer)
19:21:54,413  INFO RequestMappingHandlerMapping:186 - Mapped "{[/log/batchlist],methods=[],params=[],headers=[],consumes=[],produces=[],custom=[]}" onto public java.lang.String org.phoenix.web.controller.LogController.batchList(org.springframework.ui.Model,javax.servlet.http.HttpSession)
19:21:54,414  INFO RequestMappingHandlerMapping:186 - Mapped "{[/log/deletebatch/{id}],methods=[],params=[],headers=[],consumes=[],produces=[],custom=[]}" onto public java.lang.String org.phoenix.web.controller.LogController.deleteBatchLog(java.lang.Integer)
19:21:54,415  INFO RequestMappingHandlerMapping:186 - Mapped "{[/log/WEB_CASE/{id}],methods=[],params=[],headers=[],consumes=[],produces=[],custom=[]}" onto public java.lang.String org.phoenix.web.controller.LogController.batchCaseList(java.lang.Integer,javax.servlet.http.HttpSession,org.springframework.ui.Model)
19:21:54,416  INFO RequestMappingHandlerMapping:186 - Mapped "{[/log/scenCaseList/{id}],methods=[],params=[],headers=[],consumes=[],produces=[],custom=[]}" onto public java.lang.String org.phoenix.web.controller.LogController.scenCaseList(java.lang.Integer,org.springframework.ui.Model)
19:21:54,416  INFO RequestMappingHandlerMapping:186 - Mapped "{[/log/unitLogList/{id}],methods=[],params=[],headers=[],consumes=[],produces=[],custom=[]}" onto public java.lang.String org.phoenix.web.controller.LogController.unitLogList(java.lang.Integer,org.springframework.ui.Model)
19:21:54,416  INFO RequestMappingHandlerMapping:186 - Mapped "{[/log/WEB_SCENARIO/{id}],methods=[],params=[],headers=[],consumes=[],produces=[],custom=[]}" onto public java.lang.String org.phoenix.web.controller.LogController.scenList(java.lang.Integer,org.springframework.ui.Model)
19:21:54,417  INFO RequestMappingHandlerMapping:186 - Mapped "{[/login],methods=[POST],params=[],headers=[],consumes=[],produces=[],custom=[]}" onto public java.lang.String org.phoenix.web.controller.LoginController.login(java.lang.String,java.lang.String,org.springframework.ui.Model,javax.servlet.http.HttpSession)
19:21:54,418  INFO RequestMappingHandlerMapping:186 - Mapped "{[/login],methods=[GET],params=[],headers=[],consumes=[],produces=[],custom=[]}" onto public java.lang.String org.phoenix.web.controller.LoginController.login()
19:21:54,418  INFO RequestMappingHandlerMapping:186 - Mapped "{[/logout],methods=[],params=[],headers=[],consumes=[],produces=[],custom=[]}" onto public java.lang.String org.phoenix.web.controller.LoginController.logout(javax.servlet.http.HttpSession)
19:21:54,419  INFO RequestMappingHandlerMapping:186 - Mapped "{[/msg/delete/{id}],methods=[],params=[],headers=[],consumes=[],produces=[],custom=[]}" onto public java.lang.String org.phoenix.web.controller.MsgController.delete(java.lang.Integer)
19:21:54,419  INFO RequestMappingHandlerMapping:186 - Mapped "{[/msg/list],methods=[],params=[],headers=[],consumes=[],produces=[],custom=[]}" onto public java.lang.String org.phoenix.web.controller.MsgController.list(org.springframework.ui.Model,javax.servlet.http.HttpSession)
19:21:54,420  INFO RequestMappingHandlerMapping:186 - Mapped "{[/msg/select],methods=[],params=[],headers=[],consumes=[],produces=[],custom=[]}" onto public java.lang.String org.phoenix.web.controller.MsgController.select(java.lang.String,org.springframework.ui.Model,javax.servlet.http.HttpSession)
19:21:54,420  INFO RequestMappingHandlerMapping:186 - Mapped "{[/msg/detail/{id}],methods=[],params=[],headers=[],consumes=[],produces=[],custom=[]}" onto public java.lang.String org.phoenix.web.controller.MsgController.detail(java.lang.Integer,org.springframework.ui.Model)
19:21:54,421  INFO RequestMappingHandlerMapping:186 - Mapped "{[/scenario/add],methods=[POST],params=[],headers=[],consumes=[],produces=[],custom=[]}" onto public java.lang.String org.phoenix.web.controller.ScenarioController.add(org.phoenix.web.dto.ScenarioDTO,org.springframework.validation.BindingResult,javax.servlet.http.HttpSession)
19:21:54,422  INFO RequestMappingHandlerMapping:186 - Mapped "{[/scenario/add],methods=[GET],params=[],headers=[],consumes=[],produces=[],custom=[]}" onto public java.lang.String org.phoenix.web.controller.ScenarioController.add(org.springframework.ui.Model)
19:21:54,422  INFO RequestMappingHandlerMapping:186 - Mapped "{[/scenario/update/{id}],methods=[POST],params=[],headers=[],consumes=[],produces=[],custom=[]}" onto public java.lang.String org.phoenix.web.controller.ScenarioController.update(java.lang.Integer,org.phoenix.web.dto.ScenarioDTO,org.springframework.validation.BindingResult,org.springframework.ui.Model)
19:21:54,423  INFO RequestMappingHandlerMapping:186 - Mapped "{[/scenario/update/{id}],methods=[GET],params=[],headers=[],consumes=[],produces=[],custom=[]}" onto public java.lang.String org.phoenix.web.controller.ScenarioController.update(java.lang.Integer,org.springframework.ui.Model)
19:21:54,423  INFO RequestMappingHandlerMapping:186 - Mapped "{[/scenario/delete/{id}],methods=[],params=[],headers=[],consumes=[],produces=[],custom=[]}" onto public java.lang.String org.phoenix.web.controller.ScenarioController.delete(java.lang.Integer)
19:21:54,423  INFO RequestMappingHandlerMapping:186 - Mapped "{[/scenario/list],methods=[],params=[],headers=[],consumes=[],produces=[],custom=[]}" onto public java.lang.String org.phoenix.web.controller.ScenarioController.list(org.springframework.ui.Model,javax.servlet.http.HttpSession)
19:21:54,424  INFO RequestMappingHandlerMapping:186 - Mapped "{[/scenario/select],methods=[POST],params=[],headers=[],consumes=[],produces=[],custom=[]}" onto public java.lang.String org.phoenix.web.controller.ScenarioController.select(java.lang.String,org.springframework.ui.Model,javax.servlet.http.HttpSession)
19:21:54,425  INFO RequestMappingHandlerMapping:186 - Mapped "{[/slave/add],methods=[POST],params=[],headers=[],consumes=[],produces=[],custom=[]}" onto public java.lang.String org.phoenix.web.controller.SlaveController.add(org.phoenix.web.model.SlaveModel,org.springframework.validation.BindingResult,javax.servlet.http.HttpSession)
19:21:54,425  INFO RequestMappingHandlerMapping:186 - Mapped "{[/slave/add],methods=[GET],params=[],headers=[],consumes=[],produces=[],custom=[]}" onto public java.lang.String org.phoenix.web.controller.SlaveController.add(org.springframework.ui.Model)
19:21:54,426  INFO RequestMappingHandlerMapping:186 - Mapped "{[/slave/update/{id}],methods=[GET],params=[],headers=[],consumes=[],produces=[],custom=[]}" onto public java.lang.String org.phoenix.web.controller.SlaveController.update(java.lang.Integer,org.springframework.ui.Model)
19:21:54,427  INFO RequestMappingHandlerMapping:186 - Mapped "{[/slave/update/{id}],methods=[POST],params=[],headers=[],consumes=[],produces=[],custom=[]}" onto public java.lang.String org.phoenix.web.controller.SlaveController.update(java.lang.Integer,org.phoenix.web.model.SlaveModel,org.springframework.validation.BindingResult)
19:21:54,427  INFO RequestMappingHandlerMapping:186 - Mapped "{[/slave/delete/{id}],methods=[],params=[],headers=[],consumes=[],produces=[],custom=[]}" onto public java.lang.String org.phoenix.web.controller.SlaveController.delete(java.lang.Integer)
19:21:54,428  INFO RequestMappingHandlerMapping:186 - Mapped "{[/slave/list],methods=[],params=[],headers=[],consumes=[],produces=[],custom=[]}" onto public java.lang.String org.phoenix.web.controller.SlaveController.list(org.springframework.ui.Model,javax.servlet.http.HttpSession)
19:21:54,428  INFO RequestMappingHandlerMapping:186 - Mapped "{[/slave/status],methods=[],params=[],headers=[],consumes=[],produces=[],custom=[]}" onto public java.lang.String org.phoenix.web.controller.SlaveController.status(org.springframework.ui.Model,javax.servlet.http.HttpSession)
19:21:54,430  INFO RequestMappingHandlerMapping:186 - Mapped "{[/task/add],methods=[GET],params=[],headers=[],consumes=[],produces=[],custom=[]}" onto public java.lang.String org.phoenix.web.controller.TaskController.add(org.springframework.ui.Model,javax.servlet.http.HttpSession)
19:21:54,431  INFO RequestMappingHandlerMapping:186 - Mapped "{[/task/add],methods=[POST],params=[],headers=[],consumes=[],produces=[],custom=[]}" onto public java.lang.String org.phoenix.web.controller.TaskController.add(org.phoenix.web.dto.TaskModelDTO,org.springframework.validation.BindingResult,javax.servlet.http.HttpSession,org.springframework.ui.Model)
19:21:54,432  INFO RequestMappingHandlerMapping:186 - Mapped "{[/task/update/{id}],methods=[GET],params=[],headers=[],consumes=[],produces=[],custom=[]}" onto public java.lang.String org.phoenix.web.controller.TaskController.update(java.lang.Integer,org.springframework.ui.Model,javax.servlet.http.HttpSession)
19:21:54,432  INFO RequestMappingHandlerMapping:186 - Mapped "{[/task/update/{id}],methods=[POST],params=[],headers=[],consumes=[],produces=[],custom=[]}" onto public java.lang.String org.phoenix.web.controller.TaskController.update(java.lang.Integer,org.phoenix.web.dto.TaskModelDTO,org.springframework.validation.BindingResult,org.springframework.ui.Model,javax.servlet.http.HttpSession)
19:21:54,433  INFO RequestMappingHandlerMapping:186 - Mapped "{[/task/delete/{id}],methods=[],params=[],headers=[],consumes=[],produces=[],custom=[]}" onto public java.lang.String org.phoenix.web.controller.TaskController.delete(java.lang.Integer)
19:21:54,433  INFO RequestMappingHandlerMapping:186 - Mapped "{[/task/start/{id}],methods=[POST],params=[],headers=[],consumes=[],produces=[text/plain;charset=UTF-8],custom=[]}" onto public java.lang.String org.phoenix.web.controller.TaskController.start(java.lang.Integer)
19:21:54,434  INFO RequestMappingHandlerMapping:186 - Mapped "{[/task/stop/{id}],methods=[],params=[],headers=[],consumes=[],produces=[],custom=[]}" onto public org.phoenix.web.dto.AjaxObj org.phoenix.web.controller.TaskController.stop(java.lang.Integer)
19:21:54,436  INFO RequestMappingHandlerMapping:186 - Mapped "{[/task/list],methods=[],params=[],headers=[],consumes=[],produces=[],custom=[]}" onto public java.lang.String org.phoenix.web.controller.TaskController.list(org.springframework.ui.Model,javax.servlet.http.HttpSession)
19:21:54,437  INFO RequestMappingHandlerMapping:186 - Mapped "{[/task/select],methods=[POST],params=[],headers=[],consumes=[],produces=[],custom=[]}" onto public java.lang.String org.phoenix.web.controller.TaskController.select(java.lang.String,java.lang.String,java.lang.String,org.springframework.ui.Model,javax.servlet.http.HttpSession)
19:21:54,437  INFO RequestMappingHandlerMapping:186 - Mapped "{[/task/startJob/{id}],methods=[],params=[],headers=[],consumes=[],produces=[],custom=[]}" onto public java.lang.String org.phoenix.web.controller.TaskController.startJob(java.lang.Integer)
19:21:54,440  INFO RequestMappingHandlerMapping:186 - Mapped "{[/task/stopJob/{id}],methods=[],params=[],headers=[],consumes=[],produces=[],custom=[]}" onto public java.lang.String org.phoenix.web.controller.TaskController.stopJob(java.lang.Integer)
19:21:54,442  INFO RequestMappingHandlerMapping:186 - Mapped "{[/user/add],methods=[POST],params=[],headers=[],consumes=[],produces=[],custom=[]}" onto public java.lang.String org.phoenix.web.controller.UserController.add(org.phoenix.web.model.User,org.springframework.validation.BindingResult,org.springframework.ui.Model)
19:21:54,443  INFO RequestMappingHandlerMapping:186 - Mapped "{[/user/add],methods=[GET],params=[],headers=[],consumes=[],produces=[],custom=[]}" onto public java.lang.String org.phoenix.web.controller.UserController.add(org.springframework.ui.Model)
19:21:54,443  INFO RequestMappingHandlerMapping:186 - Mapped "{[/user/update/{id}],methods=[GET],params=[],headers=[],consumes=[],produces=[],custom=[]}" onto public java.lang.String org.phoenix.web.controller.UserController.update(java.lang.Integer,org.springframework.ui.Model)
19:21:54,446  INFO RequestMappingHandlerMapping:186 - Mapped "{[/user/update/{id}],methods=[POST],params=[],headers=[],consumes=[],produces=[],custom=[]}" onto public java.lang.String org.phoenix.web.controller.UserController.update(java.lang.Integer,org.phoenix.web.dto.UserDTO,org.springframework.validation.BindingResult,org.springframework.ui.Model)
19:21:54,447  INFO RequestMappingHandlerMapping:186 - Mapped "{[/user/delete/{id}],methods=[GET],params=[],headers=[],consumes=[],produces=[],custom=[]}" onto public java.lang.String org.phoenix.web.controller.UserController.delete(int)
19:21:54,448  INFO RequestMappingHandlerMapping:186 - Mapped "{[/user/list],methods=[],params=[],headers=[],consumes=[],produces=[],custom=[]}" onto public java.lang.String org.phoenix.web.controller.UserController.list(org.springframework.ui.Model)
19:21:54,449  INFO RequestMappingHandlerMapping:186 - Mapped "{[/user/self],methods=[GET],params=[],headers=[],consumes=[],produces=[],custom=[]}" onto public java.lang.String org.phoenix.web.controller.UserController.self(org.springframework.ui.Model,javax.servlet.http.HttpSession)
19:21:54,449  INFO RequestMappingHandlerMapping:186 - Mapped "{[/user/{id}],methods=[POST],params=[],headers=[],consumes=[],produces=[],custom=[]}" onto public java.lang.String org.phoenix.web.controller.UserController.self(java.lang.Integer,org.phoenix.web.dto.UserDTO,org.springframework.validation.BindingResult,javax.servlet.http.HttpSession)
19:21:54,450  INFO RequestMappingHandlerMapping:186 - Mapped "{[/user/selfedit],methods=[GET],params=[],headers=[],consumes=[],produces=[],custom=[]}" onto public java.lang.String org.phoenix.web.controller.UserController.selfEdit(org.springframework.ui.Model,javax.servlet.http.HttpSession)
19:21:55,095  INFO SimpleUrlHandlerMapping:314 - Mapped URL path [/resources/**] onto handler 'org.springframework.web.servlet.resource.ResourceHttpRequestHandler#0'
19:21:55,649  INFO startup:157 - Starting: DwrController v3.0.0-RC3-dev-574 on jetty/8.1.16.v20140903 / JDK 1.8.0_11 from Oracle Corporation at /phoenix
19:21:55,929  INFO startup:372 - Starting: Using container abstraction org.directwebremoting.server.jetty.JettyContinuationContainerAbstraction
19:21:55,945  INFO UrlProcessor:75 - Probably not an issue: the url:/gi.js (org.directwebremoting.gi.GiHandler) Handler is not available. This is only an problem if you wanted to use it.
19:21:56,037  INFO DefaultConverterManager:87 - Probably not an issue: jsx3.net.URIResolver is not available so the jsx3uri converter will not load. This is only an problem if you wanted to use it.
19:21:56,038  INFO DefaultConverterManager:87 - Probably not an issue: jsx3.xml.CdfDocument is not available so the jsx3doc converter will not load. This is only an problem if you wanted to use it.
19:21:56,425  INFO SimpleUrlHandlerMapping:314 - Mapped URL path [/dwr/**/*] onto handler 'dwrController'
19:21:56,487  INFO DispatcherServlet:463 - FrameworkServlet 'phoenix': initialization completed in 2542 ms
19:21:56,506  INFO PhoenixLogger:46 - request:Class:org.phoenix.web.controller.IndexController, method:index , parameter:[]
19:21:57,302  INFO PhoenixLogger:46 - request:Class:org.phoenix.web.controller.AuthController, method:getAuth , parameter:[org.eclipse.jetty.server.session.HashedSession:8ddbp1oshcvl1htoc8zvevu8b@1268127074]
19:21:57,423  INFO PhoenixLogger:46 - request:Class:org.phoenix.web.controller.IndexController, method:welcome , parameter:[]
19:22:00,031 DEBUG SQL:104 - SELECT * from t_msgpool t WHERE t.msgStatusType='WAITING' OR t.msgStatusType='FAIL' LIMIT 0,15;
19:22:06,161  INFO PhoenixLogger:46 - request:Class:org.phoenix.web.controller.LoginController, method:login , parameter:[]
19:22:09,845  INFO PhoenixLogger:46 - request:Class:org.phoenix.web.controller.LoginController, method:login , parameter:[admin, admin, {}, org.eclipse.jetty.server.session.HashedSession:8ddbp1oshcvl1htoc8zvevu8b@1268127074]
19:22:09,853  WARN HqlSqlWalker:929 - [DEPRECATION] Encountered positional parameter near line 1, column 48.  Positional parameter are considered deprecated; use named parameters or JPA-style positional parameters instead.
19:22:09,855  WARN HqlSqlWalker:929 - [DEPRECATION] Encountered positional parameter near line 1, column 63.  Positional parameter are considered deprecated; use named parameters or JPA-style positional parameters instead.
19:22:09,857 DEBUG SQL:104 - select user0_.id as id3_, user0_.createDate as createDate3_, user0_.email as email3_, user0_.nickname as nickname3_, user0_.password as password3_, user0_.role as role3_, user0_.roleName as roleName3_, user0_.username as username3_ from t_user user0_ where user0_.username=? and user0_.password=?
19:22:09,898  INFO PhoenixLogger:46 - request:Class:org.phoenix.web.controller.IndexController, method:index , parameter:[]
19:22:10,112  INFO PhoenixLogger:46 - request:Class:org.phoenix.web.controller.AuthController, method:getAuth , parameter:[org.eclipse.jetty.server.session.HashedSession:8ddbp1oshcvl1htoc8zvevu8b@1268127074]
19:22:10,222  INFO PhoenixLogger:46 - request:Class:org.phoenix.web.controller.IndexController, method:welcome , parameter:[]
19:22:11,240  INFO PhoenixLogger:46 - request:Class:org.phoenix.web.controller.ScenarioController, method:list , parameter:[{}, org.eclipse.jetty.server.session.HashedSession:8ddbp1oshcvl1htoc8zvevu8b@1268127074]
19:22:11,251 DEBUG SQL:104 - select scenariobe0_.id as id10_, scenariobe0_.create_date as create2_10_, scenariobe0_.remark as remark10_, scenariobe0_.scenarioName as scenario4_10_, scenariobe0_.userId as userId10_ from t_web_scenario scenariobe0_ where scenariobe0_.userId=1 limit ?
19:22:11,260 DEBUG SQL:104 - select casebeans0_.scenarioId as scenarioId10_1_, casebeans0_.id as id5_1_, casebeans0_.id as id5_0_, casebeans0_.caseName as caseName5_0_, casebeans0_.className as className5_0_, casebeans0_.codeContent as codeCont4_5_0_, casebeans0_.create_date as create5_5_0_, casebeans0_.deleteMsg as deleteMsg5_0_, casebeans0_.msgSendType as msgSendT7_5_0_, casebeans0_.remark as remark5_0_, casebeans0_.scenarioId as scenarioId5_0_, casebeans0_.status as status5_0_, casebeans0_.userId as userId5_0_ from t_web_case casebeans0_ where casebeans0_.scenarioId in (select scenariobe0_.id from t_web_scenario scenariobe0_ where scenariobe0_.userId=1)
19:22:11,271 DEBUG SQL:104 - select locatorbea0_.caseId as caseId5_1_, locatorbea0_.id as id8_1_, locatorbea0_.id as id8_0_, locatorbea0_.caseId as caseId8_0_, locatorbea0_.locatorData as locatorD2_8_0_, locatorbea0_.locatorDataName as locatorD3_8_0_, locatorbea0_.locatorType as locatorT4_8_0_ from t_web_unit locatorbea0_ where locatorbea0_.caseId in (select casebeans0_.id from t_web_case casebeans0_ where casebeans0_.scenarioId in (select scenariobe0_.id from t_web_scenario scenariobe0_ where scenariobe0_.userId=1))
19:22:11,274 DEBUG SQL:104 - select databeans0_.caseId as caseId5_1_, databeans0_.id as id7_1_, databeans0_.id as id7_0_, databeans0_.caseId as caseId7_0_, databeans0_.dataContent as dataCont2_7_0_, databeans0_.dataName as dataName7_0_ from t_web_data databeans0_ where databeans0_.caseId in (select casebeans0_.id from t_web_case casebeans0_ where casebeans0_.scenarioId in (select scenariobe0_.id from t_web_scenario scenariobe0_ where scenariobe0_.userId=1))
19:22:11,278 DEBUG SQL:104 - select count(*) as col_0_0_ from t_web_scenario scenariobe0_ where scenariobe0_.userId=1
19:22:13,347  INFO PhoenixLogger:46 - request:Class:org.phoenix.web.controller.CaseController, method:list , parameter:[{}, org.eclipse.jetty.server.session.HashedSession:8ddbp1oshcvl1htoc8zvevu8b@1268127074]
19:22:13,351  WARN HqlSqlWalker:929 - [DEPRECATION] Encountered positional parameter near line 1, column 62.  Positional parameter are considered deprecated; use named parameters or JPA-style positional parameters instead.
19:22:13,354  WARN HqlSqlWalker:929 - [DEPRECATION] Encountered positional parameter near line 1, column 46.  Positional parameter are considered deprecated; use named parameters or JPA-style positional parameters instead.
19:22:13,356 DEBUG SQL:104 - select casebean0_.id as id5_, casebean0_.caseName as caseName5_, casebean0_.className as className5_, casebean0_.codeContent as codeCont4_5_, casebean0_.create_date as create5_5_, casebean0_.deleteMsg as deleteMsg5_, casebean0_.msgSendType as msgSendT7_5_, casebean0_.remark as remark5_, casebean0_.scenarioId as scenarioId5_, casebean0_.status as status5_, casebean0_.userId as userId5_ from t_web_case casebean0_ where casebean0_.userId=? limit ?
19:22:13,360 DEBUG SQL:104 - select scenariobe0_.id as id10_0_, scenariobe0_.create_date as create2_10_0_, scenariobe0_.remark as remark10_0_, scenariobe0_.scenarioName as scenario4_10_0_, scenariobe0_.userId as userId10_0_ from t_web_scenario scenariobe0_ where scenariobe0_.id=?
19:22:13,364 DEBUG SQL:104 - select locatorbea0_.caseId as caseId5_1_, locatorbea0_.id as id8_1_, locatorbea0_.id as id8_0_, locatorbea0_.caseId as caseId8_0_, locatorbea0_.locatorData as locatorD2_8_0_, locatorbea0_.locatorDataName as locatorD3_8_0_, locatorbea0_.locatorType as locatorT4_8_0_ from t_web_unit locatorbea0_ where locatorbea0_.caseId in (select casebean0_.id from t_web_case casebean0_ where casebean0_.userId=?)
19:22:13,367 DEBUG SQL:104 - select databeans0_.caseId as caseId5_1_, databeans0_.id as id7_1_, databeans0_.id as id7_0_, databeans0_.caseId as caseId7_0_, databeans0_.dataContent as dataCont2_7_0_, databeans0_.dataName as dataName7_0_ from t_web_data databeans0_ where databeans0_.caseId in (select casebean0_.id from t_web_case casebean0_ where casebean0_.userId=?)
19:22:13,370 DEBUG SQL:104 - select casebeans0_.scenarioId as scenarioId10_1_, casebeans0_.id as id5_1_, casebeans0_.id as id5_0_, casebeans0_.caseName as caseName5_0_, casebeans0_.className as className5_0_, casebeans0_.codeContent as codeCont4_5_0_, casebeans0_.create_date as create5_5_0_, casebeans0_.deleteMsg as deleteMsg5_0_, casebeans0_.msgSendType as msgSendT7_5_0_, casebeans0_.remark as remark5_0_, casebeans0_.scenarioId as scenarioId5_0_, casebeans0_.status as status5_0_, casebeans0_.userId as userId5_0_ from t_web_case casebeans0_ where casebeans0_.scenarioId=?
19:22:13,372 DEBUG SQL:104 - select count(*) as col_0_0_ from t_web_case casebean0_ where casebean0_.userId=?
19:22:16,245  INFO PhoenixLogger:46 - request:Class:org.phoenix.web.controller.LocatorController, method:list , parameter:[5, {}]
19:22:16,258 DEBUG SQL:104 - select locatorbea0_.id as id8_, locatorbea0_.caseId as caseId8_, locatorbea0_.locatorData as locatorD2_8_, locatorbea0_.locatorDataName as locatorD3_8_, locatorbea0_.locatorType as locatorT4_8_ from t_web_unit locatorbea0_ where locatorbea0_.caseId=5 limit ?
19:22:16,261 DEBUG SQL:104 - select casebean0_.id as id5_1_, casebean0_.caseName as caseName5_1_, casebean0_.className as className5_1_, casebean0_.codeContent as codeCont4_5_1_, casebean0_.create_date as create5_5_1_, casebean0_.deleteMsg as deleteMsg5_1_, casebean0_.msgSendType as msgSendT7_5_1_, casebean0_.remark as remark5_1_, casebean0_.scenarioId as scenarioId5_1_, casebean0_.status as status5_1_, casebean0_.userId as userId5_1_, scenariobe1_.id as id10_0_, scenariobe1_.create_date as create2_10_0_, scenariobe1_.remark as remark10_0_, scenariobe1_.scenarioName as scenario4_10_0_, scenariobe1_.userId as userId10_0_ from t_web_case casebean0_ left outer join t_web_scenario scenariobe1_ on casebean0_.scenarioId=scenariobe1_.id where casebean0_.id=?
19:22:16,265 DEBUG SQL:104 - select locatorbea0_.caseId as caseId5_1_, locatorbea0_.id as id8_1_, locatorbea0_.id as id8_0_, locatorbea0_.caseId as caseId8_0_, locatorbea0_.locatorData as locatorD2_8_0_, locatorbea0_.locatorDataName as locatorD3_8_0_, locatorbea0_.locatorType as locatorT4_8_0_ from t_web_unit locatorbea0_ where locatorbea0_.caseId=?
19:22:16,267 DEBUG SQL:104 - select databeans0_.caseId as caseId5_1_, databeans0_.id as id7_1_, databeans0_.id as id7_0_, databeans0_.caseId as caseId7_0_, databeans0_.dataContent as dataCont2_7_0_, databeans0_.dataName as dataName7_0_ from t_web_data databeans0_ where databeans0_.caseId=?
19:22:16,271 DEBUG SQL:104 - select casebeans0_.scenarioId as scenarioId10_1_, casebeans0_.id as id5_1_, casebeans0_.id as id5_0_, casebeans0_.caseName as caseName5_0_, casebeans0_.className as className5_0_, casebeans0_.codeContent as codeCont4_5_0_, casebeans0_.create_date as create5_5_0_, casebeans0_.deleteMsg as deleteMsg5_0_, casebeans0_.msgSendType as msgSendT7_5_0_, casebeans0_.remark as remark5_0_, casebeans0_.scenarioId as scenarioId5_0_, casebeans0_.status as status5_0_, casebeans0_.userId as userId5_0_ from t_web_case casebeans0_ where casebeans0_.scenarioId=?
19:22:16,277 DEBUG SQL:104 - select locatorbea0_.caseId as caseId5_1_, locatorbea0_.id as id8_1_, locatorbea0_.id as id8_0_, locatorbea0_.caseId as caseId8_0_, locatorbea0_.locatorData as locatorD2_8_0_, locatorbea0_.locatorDataName as locatorD3_8_0_, locatorbea0_.locatorType as locatorT4_8_0_ from t_web_unit locatorbea0_ where locatorbea0_.caseId in (select casebeans0_.id from t_web_case casebeans0_ where casebeans0_.scenarioId=?)
19:22:16,279 DEBUG SQL:104 - select databeans0_.caseId as caseId5_1_, databeans0_.id as id7_1_, databeans0_.id as id7_0_, databeans0_.caseId as caseId7_0_, databeans0_.dataContent as dataCont2_7_0_, databeans0_.dataName as dataName7_0_ from t_web_data databeans0_ where databeans0_.caseId in (select casebeans0_.id from t_web_case casebeans0_ where casebeans0_.scenarioId=?)
19:22:16,282 DEBUG SQL:104 - select count(*) as col_0_0_ from t_web_unit locatorbea0_ where locatorbea0_.caseId=5
19:22:30,006 DEBUG SQL:104 - SELECT * from t_msgpool t WHERE t.msgStatusType='WAITING' OR t.msgStatusType='FAIL' LIMIT 0,15;
19:23:00,004 DEBUG SQL:104 - SELECT * from t_msgpool t WHERE t.msgStatusType='WAITING' OR t.msgStatusType='FAIL' LIMIT 0,15;
