[INFO  - 2015-06-12T23:14:03.087Z] GhostDriver - Main - running on port 15473
[INFO  - 2015-06-12T23:18:20.434Z] GhostDriver - Main - running on port 48020
[INFO  - 2015-06-12T23:18:21.238Z] Session [50ef9bf0-1159-11e5-908d-63c647a7c22d] - page.settings - {"XSSAuditingEnabled":false,"javascriptCanCloseWindows":true,"javascriptCanOpenWindows":true,"javascriptEnabled":true,"loadImages":true,"localToRemoteUrlAccessEnabled":false,"userAgent":"Mozilla/5.0 (Windows NT 6.2; WOW64) AppleWebKit/538.1 (KHTML, like Gecko) PhantomJS/2.0.0 Safari/538.1","webSecurityEnabled":false}
[INFO  - 2015-06-12T23:18:21.238Z] Session [50ef9bf0-1159-11e5-908d-63c647a7c22d] - page.customHeaders:  - {}
[INFO  - 2015-06-12T23:18:21.238Z] Session [50ef9bf0-1159-11e5-908d-63c647a7c22d] - Session.negotiatedCapabilities - {"browserName":"phantomjs","version":"2.0.0","driverName":"ghostdriver","driverVersion":"1.2.0","platform":"windows-8-32bit","javascriptEnabled":true,"takesScreenshot":true,"handlesAlerts":false,"databaseEnabled":false,"locationContextEnabled":false,"applicationCacheEnabled":false,"browserConnectionEnabled":false,"cssSelectorsEnabled":true,"webStorageEnabled":false,"rotatable":false,"acceptSslCerts":false,"nativeEvents":true,"proxy":{"proxyType":"direct"}}
[INFO  - 2015-06-12T23:18:21.238Z] SessionManagerReqHand - _postNewSessionCommand - New Session Created: 50ef9bf0-1159-11e5-908d-63c647a7c22d
[INFO  - 2015-06-12T23:18:28.028Z] ShutdownReqHand - _handle - About to shutdown
[INFO  - 2015-06-12T23:21:08.678Z] GhostDriver - Main - running on port 42398
[INFO  - 2015-06-12T23:21:09.530Z] Session [b53eee30-1159-11e5-9c68-2d0a35eca0de] - page.settings - {"XSSAuditingEnabled":false,"javascriptCanCloseWindows":true,"javascriptCanOpenWindows":true,"javascriptEnabled":true,"loadImages":true,"localToRemoteUrlAccessEnabled":false,"userAgent":"Mozilla/5.0 (Windows NT 6.2; WOW64) AppleWebKit/538.1 (KHTML, like Gecko) PhantomJS/2.0.0 Safari/538.1","webSecurityEnabled":false}
[INFO  - 2015-06-12T23:21:09.530Z] Session [b53eee30-1159-11e5-9c68-2d0a35eca0de] - page.customHeaders:  - {}
[INFO  - 2015-06-12T23:21:09.530Z] Session [b53eee30-1159-11e5-9c68-2d0a35eca0de] - Session.negotiatedCapabilities - {"browserName":"phantomjs","version":"2.0.0","driverName":"ghostdriver","driverVersion":"1.2.0","platform":"windows-8-32bit","javascriptEnabled":true,"takesScreenshot":true,"handlesAlerts":false,"databaseEnabled":false,"locationContextEnabled":false,"applicationCacheEnabled":false,"browserConnectionEnabled":false,"cssSelectorsEnabled":true,"webStorageEnabled":false,"rotatable":false,"acceptSslCerts":false,"nativeEvents":true,"proxy":{"proxyType":"direct"}}
[INFO  - 2015-06-12T23:21:09.530Z] SessionManagerReqHand - _postNewSessionCommand - New Session Created: b53eee30-1159-11e5-9c68-2d0a35eca0de
[INFO  - 2015-06-12T23:25:54.961Z] GhostDriver - Main - running on port 14586
[INFO  - 2015-06-12T23:25:55.861Z] Session [5fe96bd0-115a-11e5-8dae-990c7b9def37] - page.settings - {"XSSAuditingEnabled":false,"javascriptCanCloseWindows":true,"javascriptCanOpenWindows":true,"javascriptEnabled":true,"loadImages":true,"localToRemoteUrlAccessEnabled":false,"userAgent":"Mozilla/5.0 (Windows NT 6.2; WOW64) AppleWebKit/538.1 (KHTML, like Gecko) PhantomJS/2.0.0 Safari/538.1","webSecurityEnabled":false}
[INFO  - 2015-06-12T23:25:55.861Z] Session [5fe96bd0-115a-11e5-8dae-990c7b9def37] - page.customHeaders:  - {}
[INFO  - 2015-06-12T23:25:55.861Z] Session [5fe96bd0-115a-11e5-8dae-990c7b9def37] - Session.negotiatedCapabilities - {"browserName":"phantomjs","version":"2.0.0","driverName":"ghostdriver","driverVersion":"1.2.0","platform":"windows-8-32bit","javascriptEnabled":true,"takesScreenshot":true,"handlesAlerts":false,"databaseEnabled":false,"locationContextEnabled":false,"applicationCacheEnabled":false,"browserConnectionEnabled":false,"cssSelectorsEnabled":true,"webStorageEnabled":false,"rotatable":false,"acceptSslCerts":false,"nativeEvents":true,"proxy":{"proxyType":"direct"}}
[INFO  - 2015-06-12T23:25:55.861Z] SessionManagerReqHand - _postNewSessionCommand - New Session Created: 5fe96bd0-115a-11e5-8dae-990c7b9def37
[INFO  - 2015-06-23T03:10:20.243Z] GhostDriver - Main - running on port 41470
[INFO  - 2015-06-23T03:10:21.105Z] Session [61f440a0-1955-11e5-b46d-57718a64a003] - page.settings - {"XSSAuditingEnabled":false,"javascriptCanCloseWindows":true,"javascriptCanOpenWindows":true,"javascriptEnabled":true,"loadImages":true,"localToRemoteUrlAccessEnabled":false,"userAgent":"Mozilla/5.0 (Windows NT 6.2; WOW64) AppleWebKit/538.1 (KHTML, like Gecko) PhantomJS/2.0.0 Safari/538.1","webSecurityEnabled":false}
[INFO  - 2015-06-23T03:10:21.105Z] Session [61f440a0-1955-11e5-b46d-57718a64a003] - page.customHeaders:  - {}
[INFO  - 2015-06-23T03:10:21.106Z] Session [61f440a0-1955-11e5-b46d-57718a64a003] - Session.negotiatedCapabilities - {"browserName":"phantomjs","version":"2.0.0","driverName":"ghostdriver","driverVersion":"1.2.0","platform":"windows-8-32bit","javascriptEnabled":true,"takesScreenshot":true,"handlesAlerts":false,"databaseEnabled":false,"locationContextEnabled":false,"applicationCacheEnabled":false,"browserConnectionEnabled":false,"cssSelectorsEnabled":true,"webStorageEnabled":false,"rotatable":false,"acceptSslCerts":false,"nativeEvents":true,"proxy":{"proxyType":"direct"}}
[INFO  - 2015-06-23T03:10:21.106Z] SessionManagerReqHand - _postNewSessionCommand - New Session Created: 61f440a0-1955-11e5-b46d-57718a64a003
[INFO  - 2015-06-23T03:29:56.771Z] GhostDriver - Main - running on port 24563
[INFO  - 2015-06-23T03:29:57.726Z] Session [1f465e70-1958-11e5-afbf-3b06ecb5717d] - page.settings - {"XSSAuditingEnabled":false,"javascriptCanCloseWindows":true,"javascriptCanOpenWindows":true,"javascriptEnabled":true,"loadImages":true,"localToRemoteUrlAccessEnabled":false,"userAgent":"Mozilla/5.0 (Windows NT 6.2; WOW64) AppleWebKit/538.1 (KHTML, like Gecko) PhantomJS/2.0.0 Safari/538.1","webSecurityEnabled":false}
[INFO  - 2015-06-23T03:29:57.727Z] Session [1f465e70-1958-11e5-afbf-3b06ecb5717d] - page.customHeaders:  - {}
[INFO  - 2015-06-23T03:29:57.727Z] Session [1f465e70-1958-11e5-afbf-3b06ecb5717d] - Session.negotiatedCapabilities - {"browserName":"phantomjs","version":"2.0.0","driverName":"ghostdriver","driverVersion":"1.2.0","platform":"windows-8-32bit","javascriptEnabled":true,"takesScreenshot":true,"handlesAlerts":false,"databaseEnabled":false,"locationContextEnabled":false,"applicationCacheEnabled":false,"browserConnectionEnabled":false,"cssSelectorsEnabled":true,"webStorageEnabled":false,"rotatable":false,"acceptSslCerts":false,"nativeEvents":true,"proxy":{"proxyType":"direct"}}
[INFO  - 2015-06-23T03:29:57.727Z] SessionManagerReqHand - _postNewSessionCommand - New Session Created: 1f465e70-1958-11e5-afbf-3b06ecb5717d
[INFO  - 2015-06-23T03:30:06.726Z] ShutdownReqHand - _handle - About to shutdown
